<?xml version="1.0" encoding="UTF-8"?>
<!-- Generated by org.testng.reporters.JUnitXMLReporter -->
<testsuite ignored="8" hostname="pikjians-MacBook-Air.local" failures="0" tests="75" name="BybitRestTest usdtPerpetual Test" time="14.469" errors="0" timestamp="28 Mar 2022 04:10:58 GMT">
  <testcase classname="testcase.usdtPerpetual.marketData.PublicTradingRecords" name="testPublicTradingRecords" time="4.461"/>
  <testcase classname="testcase.usdtPerpetual.marketData.PublicTradingRecords" name="testPublicTradingRecords" time="0.158"/>
  <testcase classname="testcase.usdtPerpetual.marketData.PublicTradingRecords" name="testPublicTradingRecords" time="0.118"/>
  <testcase classname="testcase.usdtPerpetual.marketData.PublicTradingRecords" name="testPublicTradingRecords" time="0.149"/>
  <testcase classname="testcase.usdtPerpetual.marketData.PublicTradingRecords" name="testPublicTradingRecords" time="0.105"/>
  <testcase classname="testcase.usdtPerpetual.marketData.PublicTradingRecords" name="testRequestLog" time="0.168"/>
  <testcase classname="testcase.usdtPerpetual.marketData.PublicTradingRecords" name="testRequestLog" time="0.074"/>
  <testcase classname="testcase.usdtPerpetual.marketData.PublicTradingRecords" name="testRequestLog" time="0.075"/>
  <testcase classname="testcase.usdtPerpetual.marketData.PublicTradingRecords" name="testRequestLog" time="0.066"/>
  <testcase classname="testcase.usdtPerpetual.marketData.PublicTradingRecords" name="testRequestLog" time="0.069"/>
  <testcase classname="testcase.usdtPerpetual.marketData.PublicTradingRecords" name="testRequestTime" time="0.188"/>
  <testcase classname="testcase.usdtPerpetual.marketData.PublicTradingRecords" name="testRequestTime" time="0.088"/>
  <testcase classname="testcase.usdtPerpetual.marketData.PublicTradingRecords" name="testRequestTime" time="0.075"/>
  <testcase classname="testcase.usdtPerpetual.marketData.PublicTradingRecords" name="testRequestTime" time="0.13"/>
  <testcase classname="testcase.usdtPerpetual.marketData.PublicTradingRecords" name="testRequestTime" time="0.083"/>
  <testcase classname="testcase.usdtPerpetual.marketData.GetTheLastFundingRate" name="testGetTheLastFundingRate" time="0.178"/>
  <testcase classname="testcase.usdtPerpetual.marketData.GetTheLastFundingRate" name="testGetTheLastFundingRate" time="0.093"/>
  <testcase classname="testcase.usdtPerpetual.marketData.GetTheLastFundingRate" name="testGetTheLastFundingRate" time="0.099"/>
  <testcase classname="testcase.usdtPerpetual.marketData.GetTheLastFundingRate" name="testGetTheLastFundingRate" time="0.091"/>
  <testcase classname="testcase.usdtPerpetual.marketData.GetTheLastFundingRate" name="testGetTheLastFundingRate" time="0.083"/>
  <testcase classname="testcase.usdtPerpetual.marketData.GetTheLastFundingRate" name="testRequestLog" time="0.073"/>
  <testcase classname="testcase.usdtPerpetual.marketData.GetTheLastFundingRate" name="testRequestLog" time="0.069"/>
  <testcase classname="testcase.usdtPerpetual.marketData.GetTheLastFundingRate" name="testRequestLog" time="0.08"/>
  <testcase classname="testcase.usdtPerpetual.marketData.GetTheLastFundingRate" name="testRequestLog" time="0.077"/>
  <testcase classname="testcase.usdtPerpetual.marketData.GetTheLastFundingRate" name="testRequestLog" time="0.071"/>
  <testcase classname="testcase.usdtPerpetual.marketData.GetTheLastFundingRate" name="testRequestTime" time="0.075"/>
  <testcase classname="testcase.usdtPerpetual.marketData.GetTheLastFundingRate" name="testRequestTime" time="0.075"/>
  <testcase classname="testcase.usdtPerpetual.marketData.GetTheLastFundingRate" name="testRequestTime" time="0.069"/>
  <testcase classname="testcase.usdtPerpetual.marketData.GetTheLastFundingRate" name="testRequestTime" time="0.069"/>
  <testcase classname="testcase.usdtPerpetual.marketData.GetTheLastFundingRate" name="testRequestTime" time="0.063"/>
  <testcase classname="testcase.usdtPerpetual.marketData.QueryKline" name="testQueryKline" time="0.116"/>
  <testcase classname="testcase.usdtPerpetual.marketData.QueryKline" name="testQueryKline" time="0.092"/>
  <testcase classname="testcase.usdtPerpetual.marketData.QueryKline" name="testQueryKline" time="0.099"/>
  <testcase classname="testcase.usdtPerpetual.marketData.QueryKline" name="testQueryKline" time="0.077"/>
  <testcase classname="testcase.usdtPerpetual.marketData.QueryKline" name="testQueryKline" time="0.074"/>
  <testcase classname="testcase.usdtPerpetual.marketData.QueryKline" name="testRequestLog" time="0.084"/>
  <testcase classname="testcase.usdtPerpetual.marketData.QueryKline" name="testRequestLog" time="0.067"/>
  <testcase classname="testcase.usdtPerpetual.marketData.QueryKline" name="testRequestLog" time="0.075"/>
  <testcase classname="testcase.usdtPerpetual.marketData.QueryKline" name="testRequestLog" time="0.066"/>
  <testcase classname="testcase.usdtPerpetual.marketData.QueryKline" name="testRequestLog" time="0.064"/>
  <testcase classname="testcase.usdtPerpetual.marketData.QueryKline" name="testRequestTime" time="0.065"/>
  <testcase classname="testcase.usdtPerpetual.marketData.QueryKline" name="testRequestTime" time="0.057"/>
  <testcase classname="testcase.usdtPerpetual.marketData.QueryKline" name="testRequestTime" time="0.055"/>
  <testcase classname="testcase.usdtPerpetual.marketData.QueryKline" name="testRequestTime" time="0.063"/>
  <testcase classname="testcase.usdtPerpetual.marketData.QueryKline" name="testRequestTime" time="0.065"/>
  <testcase classname="testcase.usdtPerpetual.marketData.QueryIndexPriceKline" name="testQueryIndexPriceKline" time="0.107"/>
  <testcase classname="testcase.usdtPerpetual.marketData.QueryIndexPriceKline" name="testQueryIndexPriceKline" time="0.08"/>
  <testcase classname="testcase.usdtPerpetual.marketData.QueryIndexPriceKline" name="testQueryIndexPriceKline" time="0.083"/>
  <testcase classname="testcase.usdtPerpetual.marketData.QueryIndexPriceKline" name="testQueryIndexPriceKline" time="0.086"/>
  <testcase classname="testcase.usdtPerpetual.marketData.QueryIndexPriceKline" name="testQueryIndexPriceKline" time="0.066"/>
  <testcase classname="testcase.usdtPerpetual.marketData.QueryIndexPriceKline" name="testRequestLog" time="0.07"/>
  <testcase classname="testcase.usdtPerpetual.marketData.QueryIndexPriceKline" name="testRequestLog" time="0.083"/>
  <testcase classname="testcase.usdtPerpetual.marketData.QueryIndexPriceKline" name="testRequestLog" time="0.086"/>
  <testcase classname="testcase.usdtPerpetual.marketData.QueryIndexPriceKline" name="testRequestLog" time="0.065"/>
  <testcase classname="testcase.usdtPerpetual.marketData.QueryIndexPriceKline" name="testRequestLog" time="0.06"/>
  <testcase classname="testcase.usdtPerpetual.marketData.QueryIndexPriceKline" name="testRequestTime" time="0.088"/>
  <testcase classname="testcase.usdtPerpetual.marketData.QueryIndexPriceKline" name="testRequestTime" time="0.06"/>
  <testcase classname="testcase.usdtPerpetual.marketData.QueryIndexPriceKline" name="testRequestTime" time="0.059"/>
  <testcase classname="testcase.usdtPerpetual.marketData.QueryIndexPriceKline" name="testRequestTime" time="0.059"/>
  <testcase classname="testcase.usdtPerpetual.marketData.QueryIndexPriceKline" name="testRequestTime" time="0.063"/>
  <testcase classname="testcase.usdtPerpetual.marketData.QueryMarkPriceKline" name="QueryMarkPriceKline" time="0.087"/>
  <testcase classname="testcase.usdtPerpetual.marketData.QueryMarkPriceKline" name="QueryMarkPriceKline" time="0.084"/>
  <testcase classname="testcase.usdtPerpetual.marketData.QueryMarkPriceKline" name="QueryMarkPriceKline" time="0.096"/>
  <testcase classname="testcase.usdtPerpetual.marketData.QueryMarkPriceKline" name="QueryMarkPriceKline" time="0.09"/>
  <testcase classname="testcase.usdtPerpetual.marketData.QueryMarkPriceKline" name="QueryMarkPriceKline" time="0.093"/>
  <testcase classname="testcase.usdtPerpetual.marketData.QueryMarkPriceKline" name="testRequestLog" time="0.076"/>
  <testcase classname="testcase.usdtPerpetual.marketData.QueryMarkPriceKline" name="testRequestLog" time="0.059"/>
  <testcase classname="testcase.usdtPerpetual.marketData.QueryMarkPriceKline" name="testRequestLog" time="0.062"/>
  <testcase classname="testcase.usdtPerpetual.marketData.QueryMarkPriceKline" name="testRequestLog" time="0.065"/>
  <testcase classname="testcase.usdtPerpetual.marketData.QueryMarkPriceKline" name="testRequestLog" time="0.061"/>
  <testcase classname="testcase.usdtPerpetual.marketData.QueryMarkPriceKline" name="testRequestTime" time="0.065"/>
  <testcase classname="testcase.usdtPerpetual.marketData.QueryMarkPriceKline" name="testRequestTime" time="0.063"/>
  <testcase classname="testcase.usdtPerpetual.marketData.QueryMarkPriceKline" name="testRequestTime" time="0.065"/>
  <testcase classname="testcase.usdtPerpetual.marketData.QueryMarkPriceKline" name="testRequestTime" time="0.061"/>
  <testcase classname="testcase.usdtPerpetual.marketData.QueryMarkPriceKline" name="testRequestTime" time="0.062"/>
  <testcase classname="testcase.BaseTest" name="@BeforeSuite beforeSuite" time="0.0">
    <ignored/>
  </testcase> <!-- @BeforeSuite beforeSuite -->
  <testcase classname="testcase.BaseTest" name="@BeforeSuite beforeSuite" time="0.0">
    <ignored/>
  </testcase> <!-- @BeforeSuite beforeSuite -->
  <testcase classname="testcase.BaseTest" name="@BeforeSuite beforeSuite" time="0.0">
    <ignored/>
  </testcase> <!-- @BeforeSuite beforeSuite -->
  <testcase classname="testcase.BaseTest" name="@BeforeSuite beforeSuite" time="0.0">
    <ignored/>
  </testcase> <!-- @BeforeSuite beforeSuite -->
  <testcase classname="testcase.BaseTest" name="@AfterSuite tearDownSuite" time="0.0">
    <ignored/>
  </testcase> <!-- @AfterSuite tearDownSuite -->
  <testcase classname="testcase.BaseTest" name="@AfterSuite tearDownSuite" time="0.0">
    <ignored/>
  </testcase> <!-- @AfterSuite tearDownSuite -->
  <testcase classname="testcase.BaseTest" name="@AfterSuite tearDownSuite" time="0.0">
    <ignored/>
  </testcase> <!-- @AfterSuite tearDownSuite -->
  <testcase classname="testcase.BaseTest" name="@AfterSuite tearDownSuite" time="0.0">
    <ignored/>
  </testcase> <!-- @AfterSuite tearDownSuite -->
</testsuite> <!-- BybitRestTest usdtPerpetual Test -->
