<?xml version="1.0" encoding="UTF-8"?>
<!-- Generated by org.testng.reporters.JUnitXMLReporter -->
<testsuite ignored="12" hostname="pikjians-MacBook-Air.local" failures="0" tests="97" name="BybitRestTest spot Test" time="8.095" errors="0" timestamp="28 Mar 2022 04:11:28 GMT">
  <testcase classname="testcase.spot.marketData.BestBidAskPrice" name="testBestBidAskPrice" time="0.13"/>
  <testcase classname="testcase.spot.marketData.BestBidAskPrice" name="testBestBidAskPrice" time="0.185"/>
  <testcase classname="testcase.spot.marketData.BestBidAskPrice" name="testBestBidAskPrice" time="0.114"/>
  <testcase classname="testcase.spot.marketData.BestBidAskPrice" name="testBestBidAskPrice" time="0.084"/>
  <testcase classname="testcase.spot.marketData.BestBidAskPrice" name="testBestBidAskPrice" time="0.071"/>
  <testcase classname="testcase.spot.marketData.BestBidAskPrice" name="testRequestLog" time="0.068"/>
  <testcase classname="testcase.spot.marketData.BestBidAskPrice" name="testRequestLog" time="0.06"/>
  <testcase classname="testcase.spot.marketData.BestBidAskPrice" name="testRequestLog" time="0.063"/>
  <testcase classname="testcase.spot.marketData.BestBidAskPrice" name="testRequestLog" time="0.066"/>
  <testcase classname="testcase.spot.marketData.BestBidAskPrice" name="testRequestLog" time="0.09"/>
  <testcase classname="testcase.spot.marketData.BestBidAskPrice" name="testRequestTime" time="0.087"/>
  <testcase classname="testcase.spot.marketData.BestBidAskPrice" name="testRequestTime" time="0.083"/>
  <testcase classname="testcase.spot.marketData.BestBidAskPrice" name="testRequestTime" time="0.06"/>
  <testcase classname="testcase.spot.marketData.BestBidAskPrice" name="testRequestTime" time="0.057"/>
  <testcase classname="testcase.spot.marketData.BestBidAskPrice" name="testRequestTime" time="0.063"/>
  <testcase classname="testcase.spot.marketData.LastTradedPrice" name="testLastTradedPrice" time="0.079"/>
  <testcase classname="testcase.spot.marketData.LastTradedPrice" name="testLastTradedPrice" time="0.062"/>
  <testcase classname="testcase.spot.marketData.LastTradedPrice" name="testLastTradedPrice" time="0.076"/>
  <testcase classname="testcase.spot.marketData.LastTradedPrice" name="testLastTradedPrice" time="0.068"/>
  <testcase classname="testcase.spot.marketData.LastTradedPrice" name="testLastTradedPrice" time="0.073"/>
  <testcase classname="testcase.spot.marketData.LastTradedPrice" name="testRequestLog" time="0.059"/>
  <testcase classname="testcase.spot.marketData.LastTradedPrice" name="testRequestLog" time="0.059"/>
  <testcase classname="testcase.spot.marketData.LastTradedPrice" name="testRequestLog" time="0.061"/>
  <testcase classname="testcase.spot.marketData.LastTradedPrice" name="testRequestLog" time="0.056"/>
  <testcase classname="testcase.spot.marketData.LastTradedPrice" name="testRequestLog" time="0.06"/>
  <testcase classname="testcase.spot.marketData.LastTradedPrice" name="testRequestTime" time="0.07"/>
  <testcase classname="testcase.spot.marketData.LastTradedPrice" name="testRequestTime" time="0.065"/>
  <testcase classname="testcase.spot.marketData.LastTradedPrice" name="testRequestTime" time="0.068"/>
  <testcase classname="testcase.spot.marketData.LastTradedPrice" name="testRequestTime" time="0.09"/>
  <testcase classname="testcase.spot.marketData.LastTradedPrice" name="testRequestTime" time="0.072"/>
  <testcase classname="testcase.spot.marketData.LatestInformationForSymbol" name="testLatestInformationForSymbol" time="0.088"/>
  <testcase classname="testcase.spot.marketData.LatestInformationForSymbol" name="testLatestInformationForSymbol" time="0.067"/>
  <testcase classname="testcase.spot.marketData.LatestInformationForSymbol" name="testLatestInformationForSymbol" time="0.079"/>
  <testcase classname="testcase.spot.marketData.LatestInformationForSymbol" name="testLatestInformationForSymbol" time="0.09"/>
  <testcase classname="testcase.spot.marketData.LatestInformationForSymbol" name="testLatestInformationForSymbol" time="0.069"/>
  <testcase classname="testcase.spot.marketData.LatestInformationForSymbol" name="testRequestLog" time="0.057"/>
  <testcase classname="testcase.spot.marketData.LatestInformationForSymbol" name="testRequestLog" time="0.063"/>
  <testcase classname="testcase.spot.marketData.LatestInformationForSymbol" name="testRequestLog" time="0.056"/>
  <testcase classname="testcase.spot.marketData.LatestInformationForSymbol" name="testRequestLog" time="0.064"/>
  <testcase classname="testcase.spot.marketData.LatestInformationForSymbol" name="testRequestLog" time="0.068"/>
  <testcase classname="testcase.spot.marketData.LatestInformationForSymbol" name="testRequestTime" time="0.06"/>
  <testcase classname="testcase.spot.marketData.LatestInformationForSymbol" name="testRequestTime" time="0.058"/>
  <testcase classname="testcase.spot.marketData.LatestInformationForSymbol" name="testRequestTime" time="0.057"/>
  <testcase classname="testcase.spot.marketData.LatestInformationForSymbol" name="testRequestTime" time="0.058"/>
  <testcase classname="testcase.spot.marketData.LatestInformationForSymbol" name="testRequestTime" time="0.062"/>
  <testcase classname="testcase.spot.marketData.MergedOrderBook" name="testMergedOrderBook" time="0.066"/>
  <testcase classname="testcase.spot.marketData.MergedOrderBook" name="testMergedOrderBook" time="0.058"/>
  <testcase classname="testcase.spot.marketData.MergedOrderBook" name="testMergedOrderBook" time="0.058"/>
  <testcase classname="testcase.spot.marketData.MergedOrderBook" name="testMergedOrderBook" time="0.067"/>
  <testcase classname="testcase.spot.marketData.MergedOrderBook" name="testMergedOrderBook" time="0.068"/>
  <testcase classname="testcase.spot.marketData.MergedOrderBook" name="testRequestLog" time="0.063"/>
  <testcase classname="testcase.spot.marketData.MergedOrderBook" name="testRequestLog" time="0.064"/>
  <testcase classname="testcase.spot.marketData.MergedOrderBook" name="testRequestLog" time="0.066"/>
  <testcase classname="testcase.spot.marketData.MergedOrderBook" name="testRequestLog" time="0.065"/>
  <testcase classname="testcase.spot.marketData.MergedOrderBook" name="testRequestLog" time="0.086"/>
  <testcase classname="testcase.spot.marketData.MergedOrderBook" name="testRequestTime" time="0.111"/>
  <testcase classname="testcase.spot.marketData.MergedOrderBook" name="testRequestTime" time="0.062"/>
  <testcase classname="testcase.spot.marketData.MergedOrderBook" name="testRequestTime" time="0.065"/>
  <testcase classname="testcase.spot.marketData.MergedOrderBook" name="testRequestTime" time="0.067"/>
  <testcase classname="testcase.spot.marketData.MergedOrderBook" name="testRequestTime" time="0.076"/>
  <testcase classname="testcase.spot.marketData.OrderBook" name="testOrderBook" time="0.058"/>
  <testcase classname="testcase.spot.marketData.OrderBook" name="testOrderBook" time="0.054"/>
  <testcase classname="testcase.spot.marketData.OrderBook" name="testOrderBook" time="0.059"/>
  <testcase classname="testcase.spot.marketData.OrderBook" name="testOrderBook" time="0.071"/>
  <testcase classname="testcase.spot.marketData.OrderBook" name="testOrderBook" time="0.064"/>
  <testcase classname="testcase.spot.marketData.OrderBook" name="testRequestLog" time="0.073"/>
  <testcase classname="testcase.spot.marketData.OrderBook" name="testRequestLog" time="0.071"/>
  <testcase classname="testcase.spot.marketData.OrderBook" name="testRequestLog" time="0.07"/>
  <testcase classname="testcase.spot.marketData.OrderBook" name="testRequestLog" time="0.062"/>
  <testcase classname="testcase.spot.marketData.OrderBook" name="testRequestLog" time="0.065"/>
  <testcase classname="testcase.spot.marketData.OrderBook" name="testRequestTime" time="0.064"/>
  <testcase classname="testcase.spot.marketData.OrderBook" name="testRequestTime" time="0.058"/>
  <testcase classname="testcase.spot.marketData.OrderBook" name="testRequestTime" time="0.062"/>
  <testcase classname="testcase.spot.marketData.OrderBook" name="testRequestTime" time="0.057"/>
  <testcase classname="testcase.spot.marketData.OrderBook" name="testRequestTime" time="0.06"/>
  <testcase classname="testcase.spot.marketData.PublicTradingRecords" name="testPublicTradingRecords" time="0.086"/>
  <testcase classname="testcase.spot.marketData.PublicTradingRecords" name="testPublicTradingRecords" time="0.073"/>
  <testcase classname="testcase.spot.marketData.PublicTradingRecords" name="testPublicTradingRecords" time="0.072"/>
  <testcase classname="testcase.spot.marketData.PublicTradingRecords" name="testPublicTradingRecords" time="0.077"/>
  <testcase classname="testcase.spot.marketData.PublicTradingRecords" name="testPublicTradingRecords" time="0.093"/>
  <testcase classname="testcase.spot.marketData.PublicTradingRecords" name="testRequestLog" time="0.061"/>
  <testcase classname="testcase.spot.marketData.PublicTradingRecords" name="testRequestLog" time="0.054"/>
  <testcase classname="testcase.spot.marketData.PublicTradingRecords" name="testRequestLog" time="0.076"/>
  <testcase classname="testcase.spot.marketData.PublicTradingRecords" name="testRequestLog" time="0.061"/>
  <testcase classname="testcase.spot.marketData.PublicTradingRecords" name="testRequestLog" time="0.073"/>
  <testcase classname="testcase.spot.marketData.PublicTradingRecords" name="testRequestTime" time="0.058"/>
  <testcase classname="testcase.spot.marketData.PublicTradingRecords" name="testRequestTime" time="0.06"/>
  <testcase classname="testcase.spot.marketData.PublicTradingRecords" name="testRequestTime" time="0.063"/>
  <testcase classname="testcase.spot.marketData.PublicTradingRecords" name="testRequestTime" time="0.062"/>
  <testcase classname="testcase.spot.marketData.PublicTradingRecords" name="testRequestTime" time="0.066"/>
  <testcase classname="testcase.spot.marketData.QuerySymbol" name="testQuerySymbol" time="0.093"/>
  <testcase classname="testcase.spot.marketData.QuerySymbol" name="testQuerySymbol" time="0.085"/>
  <testcase classname="testcase.spot.marketData.QuerySymbol" name="testQuerySymbol" time="0.079"/>
  <testcase classname="testcase.spot.marketData.QuerySymbol" name="testQuerySymbol" time="0.148"/>
  <testcase classname="testcase.spot.marketData.QuerySymbol" name="testQuerySymbol" time="0.096"/>
  <testcase classname="testcase.spot.marketData.QuerySymbol" name="testRequestLog" time="0.067"/>
  <testcase classname="testcase.spot.marketData.QuerySymbol" name="testRequestTime" time="0.065"/>
  <testcase classname="testcase.BaseTest" name="@BeforeSuite beforeSuite" time="0.0">
    <ignored/>
  </testcase> <!-- @BeforeSuite beforeSuite -->
  <testcase classname="testcase.BaseTest" name="@BeforeSuite beforeSuite" time="0.0">
    <ignored/>
  </testcase> <!-- @BeforeSuite beforeSuite -->
  <testcase classname="testcase.BaseTest" name="@BeforeSuite beforeSuite" time="0.0">
    <ignored/>
  </testcase> <!-- @BeforeSuite beforeSuite -->
  <testcase classname="testcase.BaseTest" name="@BeforeSuite beforeSuite" time="0.0">
    <ignored/>
  </testcase> <!-- @BeforeSuite beforeSuite -->
  <testcase classname="testcase.BaseTest" name="@BeforeSuite beforeSuite" time="0.0">
    <ignored/>
  </testcase> <!-- @BeforeSuite beforeSuite -->
  <testcase classname="testcase.BaseTest" name="@BeforeSuite beforeSuite" time="0.0">
    <ignored/>
  </testcase> <!-- @BeforeSuite beforeSuite -->
  <testcase classname="testcase.BaseTest" name="@AfterSuite tearDownSuite" time="0.0">
    <ignored/>
  </testcase> <!-- @AfterSuite tearDownSuite -->
  <testcase classname="testcase.BaseTest" name="@AfterSuite tearDownSuite" time="0.0">
    <ignored/>
  </testcase> <!-- @AfterSuite tearDownSuite -->
  <testcase classname="testcase.BaseTest" name="@AfterSuite tearDownSuite" time="0.0">
    <ignored/>
  </testcase> <!-- @AfterSuite tearDownSuite -->
  <testcase classname="testcase.BaseTest" name="@AfterSuite tearDownSuite" time="0.0">
    <ignored/>
  </testcase> <!-- @AfterSuite tearDownSuite -->
  <testcase classname="testcase.BaseTest" name="@AfterSuite tearDownSuite" time="0.0">
    <ignored/>
  </testcase> <!-- @AfterSuite tearDownSuite -->
  <testcase classname="testcase.BaseTest" name="@AfterSuite tearDownSuite" time="0.0">
    <ignored/>
  </testcase> <!-- @AfterSuite tearDownSuite -->
</testsuite> <!-- BybitRestTest spot Test -->
