<?xml version="1.0" encoding="UTF-8"?>
<!-- Generated by org.testng.reporters.JUnitXMLReporter -->
<testsuite ignored="16" hostname="pikjians-MacBook-Air.local" failures="3" tests="127" name="BybitRestTest inversePerpetual Test" time="11.35" errors="0" timestamp="28 Mar 2022 04:11:15 GMT">
  <testcase classname="testcase.inverseperpetual.marketData.LatestBigDeal" name="testLatestBigDeal" time="0.114"/>
  <testcase classname="testcase.inverseperpetual.marketData.LatestBigDeal" name="testLatestBigDeal" time="0.069"/>
  <testcase classname="testcase.inverseperpetual.marketData.LatestBigDeal" name="testLatestBigDeal" time="0.093">
    <failure type="java.lang.AssertionError" message="Response Result is empty">
      <![CDATA[java.lang.AssertionError: Response Result is empty
at testcase.inverseperpetual.marketData.LatestBigDeal.testLatestBigDeal(LatestBigDeal.java:107)
... Removed 35 stack frames]]>
    </failure>
  </testcase> <!-- testLatestBigDeal -->
  <testcase classname="testcase.inverseperpetual.marketData.LatestBigDeal" name="testLatestBigDeal" time="0.075">
    <failure type="java.lang.AssertionError" message="Response Result is empty">
      <![CDATA[java.lang.AssertionError: Response Result is empty
at testcase.inverseperpetual.marketData.LatestBigDeal.testLatestBigDeal(LatestBigDeal.java:107)
... Removed 35 stack frames]]>
    </failure>
  </testcase> <!-- testLatestBigDeal -->
  <testcase classname="testcase.inverseperpetual.marketData.LatestBigDeal" name="testLatestBigDeal" time="0.079">
    <failure type="java.lang.AssertionError" message="Response Result is empty">
      <![CDATA[java.lang.AssertionError: Response Result is empty
at testcase.inverseperpetual.marketData.LatestBigDeal.testLatestBigDeal(LatestBigDeal.java:107)
... Removed 35 stack frames]]>
    </failure>
  </testcase> <!-- testLatestBigDeal -->
  <testcase classname="testcase.inverseperpetual.marketData.LatestBigDeal" name="testRequestLog" time="0.058"/>
  <testcase classname="testcase.inverseperpetual.marketData.LatestBigDeal" name="testRequestLog" time="0.053"/>
  <testcase classname="testcase.inverseperpetual.marketData.LatestBigDeal" name="testRequestLog" time="0.057"/>
  <testcase classname="testcase.inverseperpetual.marketData.LatestBigDeal" name="testRequestLog" time="0.061"/>
  <testcase classname="testcase.inverseperpetual.marketData.LatestBigDeal" name="testRequestLog" time="0.079"/>
  <testcase classname="testcase.inverseperpetual.marketData.LatestBigDeal" name="testRequestTime" time="0.059"/>
  <testcase classname="testcase.inverseperpetual.marketData.LatestBigDeal" name="testRequestTime" time="0.074"/>
  <testcase classname="testcase.inverseperpetual.marketData.LatestBigDeal" name="testRequestTime" time="0.061"/>
  <testcase classname="testcase.inverseperpetual.marketData.LatestBigDeal" name="testRequestTime" time="0.057"/>
  <testcase classname="testcase.inverseperpetual.marketData.LatestBigDeal" name="testRequestTime" time="0.058"/>
  <testcase classname="testcase.inverseperpetual.marketData.LatestInformationForSymbol" name="testLatestInformationForSymbol" time="0.088"/>
  <testcase classname="testcase.inverseperpetual.marketData.LatestInformationForSymbol" name="testLatestInformationForSymbol" time="0.099"/>
  <testcase classname="testcase.inverseperpetual.marketData.LatestInformationForSymbol" name="testLatestInformationForSymbol" time="0.069"/>
  <testcase classname="testcase.inverseperpetual.marketData.LatestInformationForSymbol" name="testLatestInformationForSymbol" time="0.069"/>
  <testcase classname="testcase.inverseperpetual.marketData.LatestInformationForSymbol" name="testLatestInformationForSymbol" time="0.076"/>
  <testcase classname="testcase.inverseperpetual.marketData.LatestInformationForSymbol" name="testRequestLog" time="0.069"/>
  <testcase classname="testcase.inverseperpetual.marketData.LatestInformationForSymbol" name="testRequestLog" time="0.085"/>
  <testcase classname="testcase.inverseperpetual.marketData.LatestInformationForSymbol" name="testRequestLog" time="0.06"/>
  <testcase classname="testcase.inverseperpetual.marketData.LatestInformationForSymbol" name="testRequestLog" time="0.061"/>
  <testcase classname="testcase.inverseperpetual.marketData.LatestInformationForSymbol" name="testRequestLog" time="0.057"/>
  <testcase classname="testcase.inverseperpetual.marketData.LatestInformationForSymbol" name="testRequestTime" time="0.054"/>
  <testcase classname="testcase.inverseperpetual.marketData.LatestInformationForSymbol" name="testRequestTime" time="0.052"/>
  <testcase classname="testcase.inverseperpetual.marketData.LatestInformationForSymbol" name="testRequestTime" time="0.056"/>
  <testcase classname="testcase.inverseperpetual.marketData.LatestInformationForSymbol" name="testRequestTime" time="0.055"/>
  <testcase classname="testcase.inverseperpetual.marketData.LatestInformationForSymbol" name="testRequestTime" time="0.059"/>
  <testcase classname="testcase.inverseperpetual.marketData.LongShortRatio" name="testLatestBigDeal" time="0.214"/>
  <testcase classname="testcase.inverseperpetual.marketData.LongShortRatio" name="testLatestBigDeal" time="0.068"/>
  <testcase classname="testcase.inverseperpetual.marketData.LongShortRatio" name="testLatestBigDeal" time="0.068"/>
  <testcase classname="testcase.inverseperpetual.marketData.LongShortRatio" name="testLatestBigDeal" time="0.084"/>
  <testcase classname="testcase.inverseperpetual.marketData.LongShortRatio" name="testLatestBigDeal" time="0.068"/>
  <testcase classname="testcase.inverseperpetual.marketData.LongShortRatio" name="testRequestLog" time="0.059"/>
  <testcase classname="testcase.inverseperpetual.marketData.LongShortRatio" name="testRequestLog" time="0.053"/>
  <testcase classname="testcase.inverseperpetual.marketData.LongShortRatio" name="testRequestLog" time="0.055"/>
  <testcase classname="testcase.inverseperpetual.marketData.LongShortRatio" name="testRequestLog" time="0.065"/>
  <testcase classname="testcase.inverseperpetual.marketData.LongShortRatio" name="testRequestLog" time="0.069"/>
  <testcase classname="testcase.inverseperpetual.marketData.LongShortRatio" name="testRequestTime" time="0.075"/>
  <testcase classname="testcase.inverseperpetual.marketData.LongShortRatio" name="testRequestTime" time="0.061"/>
  <testcase classname="testcase.inverseperpetual.marketData.LongShortRatio" name="testRequestTime" time="0.059"/>
  <testcase classname="testcase.inverseperpetual.marketData.LongShortRatio" name="testRequestTime" time="0.067"/>
  <testcase classname="testcase.inverseperpetual.marketData.LongShortRatio" name="testRequestTime" time="0.074"/>
  <testcase classname="testcase.inverseperpetual.marketData.OrderBook" name="testOrderBook" time="0.077"/>
  <testcase classname="testcase.inverseperpetual.marketData.OrderBook" name="testOrderBook" time="0.075"/>
  <testcase classname="testcase.inverseperpetual.marketData.OrderBook" name="testOrderBook" time="0.062"/>
  <testcase classname="testcase.inverseperpetual.marketData.OrderBook" name="testOrderBook" time="0.073"/>
  <testcase classname="testcase.inverseperpetual.marketData.OrderBook" name="testOrderBook" time="0.08"/>
  <testcase classname="testcase.inverseperpetual.marketData.OrderBook" name="testRequestLog" time="0.111"/>
  <testcase classname="testcase.inverseperpetual.marketData.OrderBook" name="testRequestLog" time="0.064"/>
  <testcase classname="testcase.inverseperpetual.marketData.OrderBook" name="testRequestLog" time="0.062"/>
  <testcase classname="testcase.inverseperpetual.marketData.OrderBook" name="testRequestLog" time="0.085"/>
  <testcase classname="testcase.inverseperpetual.marketData.OrderBook" name="testRequestLog" time="0.064"/>
  <testcase classname="testcase.inverseperpetual.marketData.OrderBook" name="testRequestTime" time="0.055"/>
  <testcase classname="testcase.inverseperpetual.marketData.OrderBook" name="testRequestTime" time="0.062"/>
  <testcase classname="testcase.inverseperpetual.marketData.OrderBook" name="testRequestTime" time="0.055"/>
  <testcase classname="testcase.inverseperpetual.marketData.OrderBook" name="testRequestTime" time="0.06"/>
  <testcase classname="testcase.inverseperpetual.marketData.OrderBook" name="testRequestTime" time="0.071"/>
  <testcase classname="testcase.inverseperpetual.marketData.PublicTradingRecords" name="testPublicTradingRecords" time="0.066"/>
  <testcase classname="testcase.inverseperpetual.marketData.PublicTradingRecords" name="testPublicTradingRecords" time="0.066"/>
  <testcase classname="testcase.inverseperpetual.marketData.PublicTradingRecords" name="testPublicTradingRecords" time="0.065"/>
  <testcase classname="testcase.inverseperpetual.marketData.PublicTradingRecords" name="testPublicTradingRecords" time="0.074"/>
  <testcase classname="testcase.inverseperpetual.marketData.PublicTradingRecords" name="testPublicTradingRecords" time="0.064"/>
  <testcase classname="testcase.inverseperpetual.marketData.PublicTradingRecords" name="testRequestLog" time="0.067"/>
  <testcase classname="testcase.inverseperpetual.marketData.PublicTradingRecords" name="testRequestLog" time="0.054"/>
  <testcase classname="testcase.inverseperpetual.marketData.PublicTradingRecords" name="testRequestLog" time="0.059"/>
  <testcase classname="testcase.inverseperpetual.marketData.PublicTradingRecords" name="testRequestLog" time="0.055"/>
  <testcase classname="testcase.inverseperpetual.marketData.PublicTradingRecords" name="testRequestLog" time="0.052"/>
  <testcase classname="testcase.inverseperpetual.marketData.PublicTradingRecords" name="testRequestTime" time="0.06"/>
  <testcase classname="testcase.inverseperpetual.marketData.PublicTradingRecords" name="testRequestTime" time="0.053"/>
  <testcase classname="testcase.inverseperpetual.marketData.PublicTradingRecords" name="testRequestTime" time="0.077"/>
  <testcase classname="testcase.inverseperpetual.marketData.PublicTradingRecords" name="testRequestTime" time="0.058"/>
  <testcase classname="testcase.inverseperpetual.marketData.PublicTradingRecords" name="testRequestTime" time="0.094"/>
  <testcase classname="testcase.inverseperpetual.marketData.QueryIndexPriceKline" name="testQueryIndexPriceKline" time="0.1"/>
  <testcase classname="testcase.inverseperpetual.marketData.QueryIndexPriceKline" name="testQueryIndexPriceKline" time="0.068"/>
  <testcase classname="testcase.inverseperpetual.marketData.QueryIndexPriceKline" name="testQueryIndexPriceKline" time="0.103"/>
  <testcase classname="testcase.inverseperpetual.marketData.QueryIndexPriceKline" name="testQueryIndexPriceKline" time="0.101"/>
  <testcase classname="testcase.inverseperpetual.marketData.QueryIndexPriceKline" name="testQueryIndexPriceKline" time="0.082"/>
  <testcase classname="testcase.inverseperpetual.marketData.QueryIndexPriceKline" name="testRequestLog" time="0.068"/>
  <testcase classname="testcase.inverseperpetual.marketData.QueryIndexPriceKline" name="testRequestLog" time="0.066"/>
  <testcase classname="testcase.inverseperpetual.marketData.QueryIndexPriceKline" name="testRequestLog" time="0.06"/>
  <testcase classname="testcase.inverseperpetual.marketData.QueryIndexPriceKline" name="testRequestLog" time="0.068"/>
  <testcase classname="testcase.inverseperpetual.marketData.QueryIndexPriceKline" name="testRequestLog" time="0.065"/>
  <testcase classname="testcase.inverseperpetual.marketData.QueryIndexPriceKline" name="testRequestTime" time="0.08"/>
  <testcase classname="testcase.inverseperpetual.marketData.QueryIndexPriceKline" name="testRequestTime" time="0.064"/>
  <testcase classname="testcase.inverseperpetual.marketData.QueryIndexPriceKline" name="testRequestTime" time="0.061"/>
  <testcase classname="testcase.inverseperpetual.marketData.QueryIndexPriceKline" name="testRequestTime" time="0.067"/>
  <testcase classname="testcase.inverseperpetual.marketData.QueryIndexPriceKline" name="testRequestTime" time="0.057"/>
  <testcase classname="testcase.inverseperpetual.marketData.QueryKline" name="testQueryKline" time="0.07"/>
  <testcase classname="testcase.inverseperpetual.marketData.QueryKline" name="testQueryKline" time="0.07"/>
  <testcase classname="testcase.inverseperpetual.marketData.QueryKline" name="testQueryKline" time="0.162"/>
  <testcase classname="testcase.inverseperpetual.marketData.QueryKline" name="testQueryKline" time="0.069"/>
  <testcase classname="testcase.inverseperpetual.marketData.QueryKline" name="testQueryKline" time="0.067"/>
  <testcase classname="testcase.inverseperpetual.marketData.QueryKline" name="testRequestLog" time="0.073"/>
  <testcase classname="testcase.inverseperpetual.marketData.QueryKline" name="testRequestLog" time="0.067"/>
  <testcase classname="testcase.inverseperpetual.marketData.QueryKline" name="testRequestLog" time="0.055"/>
  <testcase classname="testcase.inverseperpetual.marketData.QueryKline" name="testRequestLog" time="0.057"/>
  <testcase classname="testcase.inverseperpetual.marketData.QueryKline" name="testRequestLog" time="0.065"/>
  <testcase classname="testcase.inverseperpetual.marketData.QueryKline" name="testRequestTime" time="0.062"/>
  <testcase classname="testcase.inverseperpetual.marketData.QueryKline" name="testRequestTime" time="0.066"/>
  <testcase classname="testcase.inverseperpetual.marketData.QueryKline" name="testRequestTime" time="0.058"/>
  <testcase classname="testcase.inverseperpetual.marketData.QueryKline" name="testRequestTime" time="0.063"/>
  <testcase classname="testcase.inverseperpetual.marketData.QueryKline" name="testRequestTime" time="0.053"/>
  <testcase classname="testcase.inverseperpetual.marketData.QueryMarkPriceKline" name="testQueryMarkPriceKline" time="0.094"/>
  <testcase classname="testcase.inverseperpetual.marketData.QueryMarkPriceKline" name="testQueryMarkPriceKline" time="0.074"/>
  <testcase classname="testcase.inverseperpetual.marketData.QueryMarkPriceKline" name="testQueryMarkPriceKline" time="0.064"/>
  <testcase classname="testcase.inverseperpetual.marketData.QueryMarkPriceKline" name="testQueryMarkPriceKline" time="0.118"/>
  <testcase classname="testcase.inverseperpetual.marketData.QueryMarkPriceKline" name="testQueryMarkPriceKline" time="0.073"/>
  <testcase classname="testcase.inverseperpetual.marketData.QueryMarkPriceKline" name="testRequestLog" time="0.068"/>
  <testcase classname="testcase.inverseperpetual.marketData.QueryMarkPriceKline" name="testRequestLog" time="0.058"/>
  <testcase classname="testcase.inverseperpetual.marketData.QueryMarkPriceKline" name="testRequestLog" time="0.05"/>
  <testcase classname="testcase.inverseperpetual.marketData.QueryMarkPriceKline" name="testRequestLog" time="0.054"/>
  <testcase classname="testcase.inverseperpetual.marketData.QueryMarkPriceKline" name="testRequestLog" time="0.055"/>
  <testcase classname="testcase.inverseperpetual.marketData.QueryMarkPriceKline" name="testRequestTime" time="0.078"/>
  <testcase classname="testcase.inverseperpetual.marketData.QueryMarkPriceKline" name="testRequestTime" time="0.066"/>
  <testcase classname="testcase.inverseperpetual.marketData.QueryMarkPriceKline" name="testRequestTime" time="0.084"/>
  <testcase classname="testcase.inverseperpetual.marketData.QueryMarkPriceKline" name="testRequestTime" time="0.074"/>
  <testcase classname="testcase.inverseperpetual.marketData.QueryMarkPriceKline" name="testRequestTime" time="0.059"/>
  <testcase classname="testcase.inverseperpetual.marketData.QuerySymbol" name="testQuerySymbol" time="0.097"/>
  <testcase classname="testcase.inverseperpetual.marketData.QuerySymbol" name="testQuerySymbol" time="0.104"/>
  <testcase classname="testcase.inverseperpetual.marketData.QuerySymbol" name="testQuerySymbol" time="0.107"/>
  <testcase classname="testcase.inverseperpetual.marketData.QuerySymbol" name="testQuerySymbol" time="0.081"/>
  <testcase classname="testcase.inverseperpetual.marketData.QuerySymbol" name="testQuerySymbol" time="0.088"/>
  <testcase classname="testcase.inverseperpetual.marketData.QuerySymbol" name="testRequestLog" time="0.084"/>
  <testcase classname="testcase.inverseperpetual.marketData.QuerySymbol" name="testRequestTime" time="0.086"/>
  <testcase classname="testcase.BaseTest" name="@AfterSuite tearDownSuite" time="0.0">
    <ignored/>
  </testcase> <!-- @AfterSuite tearDownSuite -->
  <testcase classname="testcase.BaseTest" name="@AfterSuite tearDownSuite" time="0.0">
    <ignored/>
  </testcase> <!-- @AfterSuite tearDownSuite -->
  <testcase classname="testcase.BaseTest" name="@AfterSuite tearDownSuite" time="0.0">
    <ignored/>
  </testcase> <!-- @AfterSuite tearDownSuite -->
  <testcase classname="testcase.BaseTest" name="@AfterSuite tearDownSuite" time="0.0">
    <ignored/>
  </testcase> <!-- @AfterSuite tearDownSuite -->
  <testcase classname="testcase.BaseTest" name="@AfterSuite tearDownSuite" time="0.0">
    <ignored/>
  </testcase> <!-- @AfterSuite tearDownSuite -->
  <testcase classname="testcase.BaseTest" name="@AfterSuite tearDownSuite" time="0.0">
    <ignored/>
  </testcase> <!-- @AfterSuite tearDownSuite -->
  <testcase classname="testcase.BaseTest" name="@AfterSuite tearDownSuite" time="0.0">
    <ignored/>
  </testcase> <!-- @AfterSuite tearDownSuite -->
  <testcase classname="testcase.BaseTest" name="@AfterSuite tearDownSuite" time="0.0">
    <ignored/>
  </testcase> <!-- @AfterSuite tearDownSuite -->
  <testcase classname="testcase.BaseTest" name="@BeforeSuite beforeSuite" time="0.0">
    <ignored/>
  </testcase> <!-- @BeforeSuite beforeSuite -->
  <testcase classname="testcase.BaseTest" name="@BeforeSuite beforeSuite" time="0.0">
    <ignored/>
  </testcase> <!-- @BeforeSuite beforeSuite -->
  <testcase classname="testcase.BaseTest" name="@BeforeSuite beforeSuite" time="0.0">
    <ignored/>
  </testcase> <!-- @BeforeSuite beforeSuite -->
  <testcase classname="testcase.BaseTest" name="@BeforeSuite beforeSuite" time="0.0">
    <ignored/>
  </testcase> <!-- @BeforeSuite beforeSuite -->
  <testcase classname="testcase.BaseTest" name="@BeforeSuite beforeSuite" time="0.0">
    <ignored/>
  </testcase> <!-- @BeforeSuite beforeSuite -->
  <testcase classname="testcase.BaseTest" name="@BeforeSuite beforeSuite" time="0.0">
    <ignored/>
  </testcase> <!-- @BeforeSuite beforeSuite -->
  <testcase classname="testcase.BaseTest" name="@BeforeSuite beforeSuite" time="0.0">
    <ignored/>
  </testcase> <!-- @BeforeSuite beforeSuite -->
  <testcase classname="testcase.BaseTest" name="@BeforeSuite beforeSuite" time="0.0">
    <ignored/>
  </testcase> <!-- @BeforeSuite beforeSuite -->
</testsuite> <!-- BybitRestTest inversePerpetual Test -->
