<?xml version="1.0" encoding="UTF-8"?>
<testng-results ignored="36" total="335" passed="296" failed="3" skipped="0">
  <reporter-output>
  </reporter-output>
  <suite started-at="2022-03-28T04:10:39Z" name="BybitRestTest Suite" finished-at="2022-03-28T04:11:23Z" duration-ms="44089">
    <groups>
    </groups>
    <test started-at="2022-03-28T04:10:39Z" name="BybitRestTest usdtPerpetual Test" finished-at="2022-03-28T04:10:53Z" duration-ms="14469">
      <class name="testcase.usdtPerpetual.marketData.QueryIndexPriceKline">
        <test-method signature="testQueryIndexPriceKline(java.lang.String, java.lang.String, java.lang.String)[pri:0, instance:testcase.usdtPerpetual.marketData.QueryIndexPriceKline@3349e9bb]" started-at="2022-03-28T04:10:50Z" name="testQueryIndexPriceKline" data-provider="testQueryIndexPriceKline" finished-at="2022-03-28T04:10:50Z" duration-ms="107" status="PASS">
          <params>
            <param index="0">
              <value>
                <![CDATA[BTCUSDT]]>
              </value>
            </param>
            <param index="1">
              <value>
                <![CDATA[1]]>
              </value>
            </param>
            <param index="2">
              <value>
                <![CDATA[1]]>
              </value>
            </param>
          </params>
          <reporter-output>
          </reporter-output>
        </test-method> <!-- testQueryIndexPriceKline -->
        <test-method signature="testQueryIndexPriceKline(java.lang.String, java.lang.String, java.lang.String)[pri:0, instance:testcase.usdtPerpetual.marketData.QueryIndexPriceKline@3349e9bb]" started-at="2022-03-28T04:10:50Z" name="testQueryIndexPriceKline" data-provider="testQueryIndexPriceKline" finished-at="2022-03-28T04:10:50Z" duration-ms="80" status="PASS">
          <params>
            <param index="0">
              <value>
                <![CDATA[ETHUSDT]]>
              </value>
            </param>
            <param index="1">
              <value>
                <![CDATA[1]]>
              </value>
            </param>
            <param index="2">
              <value>
                <![CDATA[1]]>
              </value>
            </param>
          </params>
          <reporter-output>
          </reporter-output>
        </test-method> <!-- testQueryIndexPriceKline -->
        <test-method signature="testQueryIndexPriceKline(java.lang.String, java.lang.String, java.lang.String)[pri:0, instance:testcase.usdtPerpetual.marketData.QueryIndexPriceKline@3349e9bb]" started-at="2022-03-28T04:10:50Z" name="testQueryIndexPriceKline" data-provider="testQueryIndexPriceKline" finished-at="2022-03-28T04:10:50Z" duration-ms="83" status="PASS">
          <params>
            <param index="0">
              <value>
                <![CDATA[BITUSDT]]>
              </value>
            </param>
            <param index="1">
              <value>
                <![CDATA[1]]>
              </value>
            </param>
            <param index="2">
              <value>
                <![CDATA[1]]>
              </value>
            </param>
          </params>
          <reporter-output>
          </reporter-output>
        </test-method> <!-- testQueryIndexPriceKline -->
        <test-method signature="testQueryIndexPriceKline(java.lang.String, java.lang.String, java.lang.String)[pri:0, instance:testcase.usdtPerpetual.marketData.QueryIndexPriceKline@3349e9bb]" started-at="2022-03-28T04:10:50Z" name="testQueryIndexPriceKline" data-provider="testQueryIndexPriceKline" finished-at="2022-03-28T04:10:51Z" duration-ms="86" status="PASS">
          <params>
            <param index="0">
              <value>
                <![CDATA[XRPUSDT]]>
              </value>
            </param>
            <param index="1">
              <value>
                <![CDATA[1]]>
              </value>
            </param>
            <param index="2">
              <value>
                <![CDATA[1]]>
              </value>
            </param>
          </params>
          <reporter-output>
          </reporter-output>
        </test-method> <!-- testQueryIndexPriceKline -->
        <test-method signature="testQueryIndexPriceKline(java.lang.String, java.lang.String, java.lang.String)[pri:0, instance:testcase.usdtPerpetual.marketData.QueryIndexPriceKline@3349e9bb]" started-at="2022-03-28T04:10:51Z" name="testQueryIndexPriceKline" data-provider="testQueryIndexPriceKline" finished-at="2022-03-28T04:10:51Z" duration-ms="66" status="PASS">
          <params>
            <param index="0">
              <value>
                <![CDATA[DOTUSDT]]>
              </value>
            </param>
            <param index="1">
              <value>
                <![CDATA[1]]>
              </value>
            </param>
            <param index="2">
              <value>
                <![CDATA[1]]>
              </value>
            </param>
          </params>
          <reporter-output>
          </reporter-output>
        </test-method> <!-- testQueryIndexPriceKline -->
        <test-method signature="testRequestLog(java.lang.String, java.lang.String, java.lang.String)[pri:0, instance:testcase.usdtPerpetual.marketData.QueryIndexPriceKline@3349e9bb]" started-at="2022-03-28T04:10:51Z" name="testRequestLog" data-provider="testQueryIndexPriceKline" finished-at="2022-03-28T04:10:51Z" duration-ms="70" status="PASS">
          <params>
            <param index="0">
              <value>
                <![CDATA[BTCUSDT]]>
              </value>
            </param>
            <param index="1">
              <value>
                <![CDATA[1]]>
              </value>
            </param>
            <param index="2">
              <value>
                <![CDATA[1]]>
              </value>
            </param>
          </params>
          <reporter-output>
          </reporter-output>
        </test-method> <!-- testRequestLog -->
        <test-method signature="testRequestLog(java.lang.String, java.lang.String, java.lang.String)[pri:0, instance:testcase.usdtPerpetual.marketData.QueryIndexPriceKline@3349e9bb]" started-at="2022-03-28T04:10:51Z" name="testRequestLog" data-provider="testQueryIndexPriceKline" finished-at="2022-03-28T04:10:51Z" duration-ms="83" status="PASS">
          <params>
            <param index="0">
              <value>
                <![CDATA[ETHUSDT]]>
              </value>
            </param>
            <param index="1">
              <value>
                <![CDATA[1]]>
              </value>
            </param>
            <param index="2">
              <value>
                <![CDATA[1]]>
              </value>
            </param>
          </params>
          <reporter-output>
          </reporter-output>
        </test-method> <!-- testRequestLog -->
        <test-method signature="testRequestLog(java.lang.String, java.lang.String, java.lang.String)[pri:0, instance:testcase.usdtPerpetual.marketData.QueryIndexPriceKline@3349e9bb]" started-at="2022-03-28T04:10:51Z" name="testRequestLog" data-provider="testQueryIndexPriceKline" finished-at="2022-03-28T04:10:51Z" duration-ms="86" status="PASS">
          <params>
            <param index="0">
              <value>
                <![CDATA[BITUSDT]]>
              </value>
            </param>
            <param index="1">
              <value>
                <![CDATA[1]]>
              </value>
            </param>
            <param index="2">
              <value>
                <![CDATA[1]]>
              </value>
            </param>
          </params>
          <reporter-output>
          </reporter-output>
        </test-method> <!-- testRequestLog -->
        <test-method signature="testRequestLog(java.lang.String, java.lang.String, java.lang.String)[pri:0, instance:testcase.usdtPerpetual.marketData.QueryIndexPriceKline@3349e9bb]" started-at="2022-03-28T04:10:51Z" name="testRequestLog" data-provider="testQueryIndexPriceKline" finished-at="2022-03-28T04:10:51Z" duration-ms="65" status="PASS">
          <params>
            <param index="0">
              <value>
                <![CDATA[XRPUSDT]]>
              </value>
            </param>
            <param index="1">
              <value>
                <![CDATA[1]]>
              </value>
            </param>
            <param index="2">
              <value>
                <![CDATA[1]]>
              </value>
            </param>
          </params>
          <reporter-output>
          </reporter-output>
        </test-method> <!-- testRequestLog -->
        <test-method signature="testRequestLog(java.lang.String, java.lang.String, java.lang.String)[pri:0, instance:testcase.usdtPerpetual.marketData.QueryIndexPriceKline@3349e9bb]" started-at="2022-03-28T04:10:51Z" name="testRequestLog" data-provider="testQueryIndexPriceKline" finished-at="2022-03-28T04:10:51Z" duration-ms="60" status="PASS">
          <params>
            <param index="0">
              <value>
                <![CDATA[DOTUSDT]]>
              </value>
            </param>
            <param index="1">
              <value>
                <![CDATA[1]]>
              </value>
            </param>
            <param index="2">
              <value>
                <![CDATA[1]]>
              </value>
            </param>
          </params>
          <reporter-output>
          </reporter-output>
        </test-method> <!-- testRequestLog -->
        <test-method signature="testRequestTime(java.lang.String, java.lang.String, java.lang.String)[pri:0, instance:testcase.usdtPerpetual.marketData.QueryIndexPriceKline@3349e9bb]" started-at="2022-03-28T04:10:51Z" name="testRequestTime" data-provider="testQueryIndexPriceKline" finished-at="2022-03-28T04:10:51Z" duration-ms="88" status="PASS">
          <params>
            <param index="0">
              <value>
                <![CDATA[BTCUSDT]]>
              </value>
            </param>
            <param index="1">
              <value>
                <![CDATA[1]]>
              </value>
            </param>
            <param index="2">
              <value>
                <![CDATA[1]]>
              </value>
            </param>
          </params>
          <reporter-output>
          </reporter-output>
        </test-method> <!-- testRequestTime -->
        <test-method signature="testRequestTime(java.lang.String, java.lang.String, java.lang.String)[pri:0, instance:testcase.usdtPerpetual.marketData.QueryIndexPriceKline@3349e9bb]" started-at="2022-03-28T04:10:51Z" name="testRequestTime" data-provider="testQueryIndexPriceKline" finished-at="2022-03-28T04:10:51Z" duration-ms="60" status="PASS">
          <params>
            <param index="0">
              <value>
                <![CDATA[ETHUSDT]]>
              </value>
            </param>
            <param index="1">
              <value>
                <![CDATA[1]]>
              </value>
            </param>
            <param index="2">
              <value>
                <![CDATA[1]]>
              </value>
            </param>
          </params>
          <reporter-output>
          </reporter-output>
        </test-method> <!-- testRequestTime -->
        <test-method signature="testRequestTime(java.lang.String, java.lang.String, java.lang.String)[pri:0, instance:testcase.usdtPerpetual.marketData.QueryIndexPriceKline@3349e9bb]" started-at="2022-03-28T04:10:51Z" name="testRequestTime" data-provider="testQueryIndexPriceKline" finished-at="2022-03-28T04:10:51Z" duration-ms="59" status="PASS">
          <params>
            <param index="0">
              <value>
                <![CDATA[BITUSDT]]>
              </value>
            </param>
            <param index="1">
              <value>
                <![CDATA[1]]>
              </value>
            </param>
            <param index="2">
              <value>
                <![CDATA[1]]>
              </value>
            </param>
          </params>
          <reporter-output>
          </reporter-output>
        </test-method> <!-- testRequestTime -->
        <test-method signature="testRequestTime(java.lang.String, java.lang.String, java.lang.String)[pri:0, instance:testcase.usdtPerpetual.marketData.QueryIndexPriceKline@3349e9bb]" started-at="2022-03-28T04:10:51Z" name="testRequestTime" data-provider="testQueryIndexPriceKline" finished-at="2022-03-28T04:10:52Z" duration-ms="59" status="PASS">
          <params>
            <param index="0">
              <value>
                <![CDATA[XRPUSDT]]>
              </value>
            </param>
            <param index="1">
              <value>
                <![CDATA[1]]>
              </value>
            </param>
            <param index="2">
              <value>
                <![CDATA[1]]>
              </value>
            </param>
          </params>
          <reporter-output>
          </reporter-output>
        </test-method> <!-- testRequestTime -->
        <test-method signature="testRequestTime(java.lang.String, java.lang.String, java.lang.String)[pri:0, instance:testcase.usdtPerpetual.marketData.QueryIndexPriceKline@3349e9bb]" started-at="2022-03-28T04:10:52Z" name="testRequestTime" data-provider="testQueryIndexPriceKline" finished-at="2022-03-28T04:10:52Z" duration-ms="63" status="PASS">
          <params>
            <param index="0">
              <value>
                <![CDATA[DOTUSDT]]>
              </value>
            </param>
            <param index="1">
              <value>
                <![CDATA[1]]>
              </value>
            </param>
            <param index="2">
              <value>
                <![CDATA[1]]>
              </value>
            </param>
          </params>
          <reporter-output>
          </reporter-output>
        </test-method> <!-- testRequestTime -->
      </class> <!-- testcase.usdtPerpetual.marketData.QueryIndexPriceKline -->
      <class name="testcase.usdtPerpetual.marketData.QueryMarkPriceKline">
        <test-method signature="QueryMarkPriceKline(java.lang.String, java.lang.String, java.lang.String)[pri:0, instance:testcase.usdtPerpetual.marketData.QueryMarkPriceKline@409bf450]" started-at="2022-03-28T04:10:52Z" name="QueryMarkPriceKline" data-provider="testQueryMarkPriceKline" finished-at="2022-03-28T04:10:52Z" duration-ms="87" status="PASS">
          <params>
            <param index="0">
              <value>
                <![CDATA[BTCUSDT]]>
              </value>
            </param>
            <param index="1">
              <value>
                <![CDATA[1]]>
              </value>
            </param>
            <param index="2">
              <value>
                <![CDATA[1]]>
              </value>
            </param>
          </params>
          <reporter-output>
          </reporter-output>
        </test-method> <!-- QueryMarkPriceKline -->
        <test-method signature="QueryMarkPriceKline(java.lang.String, java.lang.String, java.lang.String)[pri:0, instance:testcase.usdtPerpetual.marketData.QueryMarkPriceKline@409bf450]" started-at="2022-03-28T04:10:52Z" name="QueryMarkPriceKline" data-provider="testQueryMarkPriceKline" finished-at="2022-03-28T04:10:52Z" duration-ms="84" status="PASS">
          <params>
            <param index="0">
              <value>
                <![CDATA[ETHUSDT]]>
              </value>
            </param>
            <param index="1">
              <value>
                <![CDATA[1]]>
              </value>
            </param>
            <param index="2">
              <value>
                <![CDATA[1]]>
              </value>
            </param>
          </params>
          <reporter-output>
          </reporter-output>
        </test-method> <!-- QueryMarkPriceKline -->
        <test-method signature="QueryMarkPriceKline(java.lang.String, java.lang.String, java.lang.String)[pri:0, instance:testcase.usdtPerpetual.marketData.QueryMarkPriceKline@409bf450]" started-at="2022-03-28T04:10:52Z" name="QueryMarkPriceKline" data-provider="testQueryMarkPriceKline" finished-at="2022-03-28T04:10:52Z" duration-ms="96" status="PASS">
          <params>
            <param index="0">
              <value>
                <![CDATA[BITUSDT]]>
              </value>
            </param>
            <param index="1">
              <value>
                <![CDATA[1]]>
              </value>
            </param>
            <param index="2">
              <value>
                <![CDATA[1]]>
              </value>
            </param>
          </params>
          <reporter-output>
          </reporter-output>
        </test-method> <!-- QueryMarkPriceKline -->
        <test-method signature="QueryMarkPriceKline(java.lang.String, java.lang.String, java.lang.String)[pri:0, instance:testcase.usdtPerpetual.marketData.QueryMarkPriceKline@409bf450]" started-at="2022-03-28T04:10:52Z" name="QueryMarkPriceKline" data-provider="testQueryMarkPriceKline" finished-at="2022-03-28T04:10:52Z" duration-ms="90" status="PASS">
          <params>
            <param index="0">
              <value>
                <![CDATA[XRPUSDT]]>
              </value>
            </param>
            <param index="1">
              <value>
                <![CDATA[1]]>
              </value>
            </param>
            <param index="2">
              <value>
                <![CDATA[1]]>
              </value>
            </param>
          </params>
          <reporter-output>
          </reporter-output>
        </test-method> <!-- QueryMarkPriceKline -->
        <test-method signature="QueryMarkPriceKline(java.lang.String, java.lang.String, java.lang.String)[pri:0, instance:testcase.usdtPerpetual.marketData.QueryMarkPriceKline@409bf450]" started-at="2022-03-28T04:10:52Z" name="QueryMarkPriceKline" data-provider="testQueryMarkPriceKline" finished-at="2022-03-28T04:10:52Z" duration-ms="93" status="PASS">
          <params>
            <param index="0">
              <value>
                <![CDATA[DOTUSDT]]>
              </value>
            </param>
            <param index="1">
              <value>
                <![CDATA[1]]>
              </value>
            </param>
            <param index="2">
              <value>
                <![CDATA[1]]>
              </value>
            </param>
          </params>
          <reporter-output>
          </reporter-output>
        </test-method> <!-- QueryMarkPriceKline -->
        <test-method signature="testRequestLog(java.lang.String, java.lang.String, java.lang.String)[pri:0, instance:testcase.usdtPerpetual.marketData.QueryMarkPriceKline@409bf450]" started-at="2022-03-28T04:10:52Z" name="testRequestLog" data-provider="testQueryMarkPriceKline" finished-at="2022-03-28T04:10:52Z" duration-ms="76" status="PASS">
          <params>
            <param index="0">
              <value>
                <![CDATA[BTCUSDT]]>
              </value>
            </param>
            <param index="1">
              <value>
                <![CDATA[1]]>
              </value>
            </param>
            <param index="2">
              <value>
                <![CDATA[1]]>
              </value>
            </param>
          </params>
          <reporter-output>
          </reporter-output>
        </test-method> <!-- testRequestLog -->
        <test-method signature="testRequestLog(java.lang.String, java.lang.String, java.lang.String)[pri:0, instance:testcase.usdtPerpetual.marketData.QueryMarkPriceKline@409bf450]" started-at="2022-03-28T04:10:52Z" name="testRequestLog" data-provider="testQueryMarkPriceKline" finished-at="2022-03-28T04:10:53Z" duration-ms="59" status="PASS">
          <params>
            <param index="0">
              <value>
                <![CDATA[ETHUSDT]]>
              </value>
            </param>
            <param index="1">
              <value>
                <![CDATA[1]]>
              </value>
            </param>
            <param index="2">
              <value>
                <![CDATA[1]]>
              </value>
            </param>
          </params>
          <reporter-output>
          </reporter-output>
        </test-method> <!-- testRequestLog -->
        <test-method signature="testRequestLog(java.lang.String, java.lang.String, java.lang.String)[pri:0, instance:testcase.usdtPerpetual.marketData.QueryMarkPriceKline@409bf450]" started-at="2022-03-28T04:10:53Z" name="testRequestLog" data-provider="testQueryMarkPriceKline" finished-at="2022-03-28T04:10:53Z" duration-ms="62" status="PASS">
          <params>
            <param index="0">
              <value>
                <![CDATA[BITUSDT]]>
              </value>
            </param>
            <param index="1">
              <value>
                <![CDATA[1]]>
              </value>
            </param>
            <param index="2">
              <value>
                <![CDATA[1]]>
              </value>
            </param>
          </params>
          <reporter-output>
          </reporter-output>
        </test-method> <!-- testRequestLog -->
        <test-method signature="testRequestLog(java.lang.String, java.lang.String, java.lang.String)[pri:0, instance:testcase.usdtPerpetual.marketData.QueryMarkPriceKline@409bf450]" started-at="2022-03-28T04:10:53Z" name="testRequestLog" data-provider="testQueryMarkPriceKline" finished-at="2022-03-28T04:10:53Z" duration-ms="65" status="PASS">
          <params>
            <param index="0">
              <value>
                <![CDATA[XRPUSDT]]>
              </value>
            </param>
            <param index="1">
              <value>
                <![CDATA[1]]>
              </value>
            </param>
            <param index="2">
              <value>
                <![CDATA[1]]>
              </value>
            </param>
          </params>
          <reporter-output>
          </reporter-output>
        </test-method> <!-- testRequestLog -->
        <test-method signature="testRequestLog(java.lang.String, java.lang.String, java.lang.String)[pri:0, instance:testcase.usdtPerpetual.marketData.QueryMarkPriceKline@409bf450]" started-at="2022-03-28T04:10:53Z" name="testRequestLog" data-provider="testQueryMarkPriceKline" finished-at="2022-03-28T04:10:53Z" duration-ms="61" status="PASS">
          <params>
            <param index="0">
              <value>
                <![CDATA[DOTUSDT]]>
              </value>
            </param>
            <param index="1">
              <value>
                <![CDATA[1]]>
              </value>
            </param>
            <param index="2">
              <value>
                <![CDATA[1]]>
              </value>
            </param>
          </params>
          <reporter-output>
          </reporter-output>
        </test-method> <!-- testRequestLog -->
        <test-method signature="testRequestTime(java.lang.String, java.lang.String, java.lang.String)[pri:0, instance:testcase.usdtPerpetual.marketData.QueryMarkPriceKline@409bf450]" started-at="2022-03-28T04:10:53Z" name="testRequestTime" data-provider="testQueryMarkPriceKline" finished-at="2022-03-28T04:10:53Z" duration-ms="65" status="PASS">
          <params>
            <param index="0">
              <value>
                <![CDATA[BTCUSDT]]>
              </value>
            </param>
            <param index="1">
              <value>
                <![CDATA[1]]>
              </value>
            </param>
            <param index="2">
              <value>
                <![CDATA[1]]>
              </value>
            </param>
          </params>
          <reporter-output>
          </reporter-output>
        </test-method> <!-- testRequestTime -->
        <test-method signature="testRequestTime(java.lang.String, java.lang.String, java.lang.String)[pri:0, instance:testcase.usdtPerpetual.marketData.QueryMarkPriceKline@409bf450]" started-at="2022-03-28T04:10:53Z" name="testRequestTime" data-provider="testQueryMarkPriceKline" finished-at="2022-03-28T04:10:53Z" duration-ms="63" status="PASS">
          <params>
            <param index="0">
              <value>
                <![CDATA[ETHUSDT]]>
              </value>
            </param>
            <param index="1">
              <value>
                <![CDATA[1]]>
              </value>
            </param>
            <param index="2">
              <value>
                <![CDATA[1]]>
              </value>
            </param>
          </params>
          <reporter-output>
          </reporter-output>
        </test-method> <!-- testRequestTime -->
        <test-method signature="testRequestTime(java.lang.String, java.lang.String, java.lang.String)[pri:0, instance:testcase.usdtPerpetual.marketData.QueryMarkPriceKline@409bf450]" started-at="2022-03-28T04:10:53Z" name="testRequestTime" data-provider="testQueryMarkPriceKline" finished-at="2022-03-28T04:10:53Z" duration-ms="65" status="PASS">
          <params>
            <param index="0">
              <value>
                <![CDATA[BITUSDT]]>
              </value>
            </param>
            <param index="1">
              <value>
                <![CDATA[1]]>
              </value>
            </param>
            <param index="2">
              <value>
                <![CDATA[1]]>
              </value>
            </param>
          </params>
          <reporter-output>
          </reporter-output>
        </test-method> <!-- testRequestTime -->
        <test-method signature="testRequestTime(java.lang.String, java.lang.String, java.lang.String)[pri:0, instance:testcase.usdtPerpetual.marketData.QueryMarkPriceKline@409bf450]" started-at="2022-03-28T04:10:53Z" name="testRequestTime" data-provider="testQueryMarkPriceKline" finished-at="2022-03-28T04:10:53Z" duration-ms="61" status="PASS">
          <params>
            <param index="0">
              <value>
                <![CDATA[XRPUSDT]]>
              </value>
            </param>
            <param index="1">
              <value>
                <![CDATA[1]]>
              </value>
            </param>
            <param index="2">
              <value>
                <![CDATA[1]]>
              </value>
            </param>
          </params>
          <reporter-output>
          </reporter-output>
        </test-method> <!-- testRequestTime -->
        <test-method signature="testRequestTime(java.lang.String, java.lang.String, java.lang.String)[pri:0, instance:testcase.usdtPerpetual.marketData.QueryMarkPriceKline@409bf450]" started-at="2022-03-28T04:10:53Z" name="testRequestTime" data-provider="testQueryMarkPriceKline" finished-at="2022-03-28T04:10:53Z" duration-ms="62" status="PASS">
          <params>
            <param index="0">
              <value>
                <![CDATA[DOTUSDT]]>
              </value>
            </param>
            <param index="1">
              <value>
                <![CDATA[1]]>
              </value>
            </param>
            <param index="2">
              <value>
                <![CDATA[1]]>
              </value>
            </param>
          </params>
          <reporter-output>
          </reporter-output>
        </test-method> <!-- testRequestTime -->
      </class> <!-- testcase.usdtPerpetual.marketData.QueryMarkPriceKline -->
      <class name="testcase.usdtPerpetual.marketData.GetTheLastFundingRate">
        <test-method signature="testGetTheLastFundingRate(java.lang.String)[pri:0, instance:testcase.usdtPerpetual.marketData.GetTheLastFundingRate@f6efaab]" started-at="2022-03-28T04:10:47Z" name="testGetTheLastFundingRate" data-provider="testGetTheLastFundingRate" finished-at="2022-03-28T04:10:47Z" duration-ms="178" status="PASS">
          <params>
            <param index="0">
              <value>
                <![CDATA[BTCUSDT]]>
              </value>
            </param>
          </params>
          <reporter-output>
          </reporter-output>
        </test-method> <!-- testGetTheLastFundingRate -->
        <test-method signature="testGetTheLastFundingRate(java.lang.String)[pri:0, instance:testcase.usdtPerpetual.marketData.GetTheLastFundingRate@f6efaab]" started-at="2022-03-28T04:10:47Z" name="testGetTheLastFundingRate" data-provider="testGetTheLastFundingRate" finished-at="2022-03-28T04:10:47Z" duration-ms="93" status="PASS">
          <params>
            <param index="0">
              <value>
                <![CDATA[ETHUSDT]]>
              </value>
            </param>
          </params>
          <reporter-output>
          </reporter-output>
        </test-method> <!-- testGetTheLastFundingRate -->
        <test-method signature="testGetTheLastFundingRate(java.lang.String)[pri:0, instance:testcase.usdtPerpetual.marketData.GetTheLastFundingRate@f6efaab]" started-at="2022-03-28T04:10:47Z" name="testGetTheLastFundingRate" data-provider="testGetTheLastFundingRate" finished-at="2022-03-28T04:10:47Z" duration-ms="99" status="PASS">
          <params>
            <param index="0">
              <value>
                <![CDATA[BITUSDT]]>
              </value>
            </param>
          </params>
          <reporter-output>
          </reporter-output>
        </test-method> <!-- testGetTheLastFundingRate -->
        <test-method signature="testGetTheLastFundingRate(java.lang.String)[pri:0, instance:testcase.usdtPerpetual.marketData.GetTheLastFundingRate@f6efaab]" started-at="2022-03-28T04:10:47Z" name="testGetTheLastFundingRate" data-provider="testGetTheLastFundingRate" finished-at="2022-03-28T04:10:47Z" duration-ms="91" status="PASS">
          <params>
            <param index="0">
              <value>
                <![CDATA[XRPUSDT]]>
              </value>
            </param>
          </params>
          <reporter-output>
          </reporter-output>
        </test-method> <!-- testGetTheLastFundingRate -->
        <test-method signature="testGetTheLastFundingRate(java.lang.String)[pri:0, instance:testcase.usdtPerpetual.marketData.GetTheLastFundingRate@f6efaab]" started-at="2022-03-28T04:10:47Z" name="testGetTheLastFundingRate" data-provider="testGetTheLastFundingRate" finished-at="2022-03-28T04:10:47Z" duration-ms="83" status="PASS">
          <params>
            <param index="0">
              <value>
                <![CDATA[DOTUSDT]]>
              </value>
            </param>
          </params>
          <reporter-output>
          </reporter-output>
        </test-method> <!-- testGetTheLastFundingRate -->
        <test-method signature="testRequestLog(java.lang.String)[pri:0, instance:testcase.usdtPerpetual.marketData.GetTheLastFundingRate@f6efaab]" started-at="2022-03-28T04:10:47Z" name="testRequestLog" data-provider="testGetTheLastFundingRate" finished-at="2022-03-28T04:10:47Z" duration-ms="73" status="PASS">
          <params>
            <param index="0">
              <value>
                <![CDATA[BTCUSDT]]>
              </value>
            </param>
          </params>
          <reporter-output>
          </reporter-output>
        </test-method> <!-- testRequestLog -->
        <test-method signature="testRequestLog(java.lang.String)[pri:0, instance:testcase.usdtPerpetual.marketData.GetTheLastFundingRate@f6efaab]" started-at="2022-03-28T04:10:47Z" name="testRequestLog" data-provider="testGetTheLastFundingRate" finished-at="2022-03-28T04:10:47Z" duration-ms="69" status="PASS">
          <params>
            <param index="0">
              <value>
                <![CDATA[ETHUSDT]]>
              </value>
            </param>
          </params>
          <reporter-output>
          </reporter-output>
        </test-method> <!-- testRequestLog -->
        <test-method signature="testRequestLog(java.lang.String)[pri:0, instance:testcase.usdtPerpetual.marketData.GetTheLastFundingRate@f6efaab]" started-at="2022-03-28T04:10:47Z" name="testRequestLog" data-provider="testGetTheLastFundingRate" finished-at="2022-03-28T04:10:47Z" duration-ms="80" status="PASS">
          <params>
            <param index="0">
              <value>
                <![CDATA[BITUSDT]]>
              </value>
            </param>
          </params>
          <reporter-output>
          </reporter-output>
        </test-method> <!-- testRequestLog -->
        <test-method signature="testRequestLog(java.lang.String)[pri:0, instance:testcase.usdtPerpetual.marketData.GetTheLastFundingRate@f6efaab]" started-at="2022-03-28T04:10:47Z" name="testRequestLog" data-provider="testGetTheLastFundingRate" finished-at="2022-03-28T04:10:47Z" duration-ms="77" status="PASS">
          <params>
            <param index="0">
              <value>
                <![CDATA[XRPUSDT]]>
              </value>
            </param>
          </params>
          <reporter-output>
          </reporter-output>
        </test-method> <!-- testRequestLog -->
        <test-method signature="testRequestLog(java.lang.String)[pri:0, instance:testcase.usdtPerpetual.marketData.GetTheLastFundingRate@f6efaab]" started-at="2022-03-28T04:10:47Z" name="testRequestLog" data-provider="testGetTheLastFundingRate" finished-at="2022-03-28T04:10:48Z" duration-ms="71" status="PASS">
          <params>
            <param index="0">
              <value>
                <![CDATA[DOTUSDT]]>
              </value>
            </param>
          </params>
          <reporter-output>
          </reporter-output>
        </test-method> <!-- testRequestLog -->
        <test-method signature="testRequestTime(java.lang.String)[pri:0, instance:testcase.usdtPerpetual.marketData.GetTheLastFundingRate@f6efaab]" started-at="2022-03-28T04:10:48Z" name="testRequestTime" data-provider="testGetTheLastFundingRate" finished-at="2022-03-28T04:10:48Z" duration-ms="75" status="PASS">
          <params>
            <param index="0">
              <value>
                <![CDATA[BTCUSDT]]>
              </value>
            </param>
          </params>
          <reporter-output>
          </reporter-output>
        </test-method> <!-- testRequestTime -->
        <test-method signature="testRequestTime(java.lang.String)[pri:0, instance:testcase.usdtPerpetual.marketData.GetTheLastFundingRate@f6efaab]" started-at="2022-03-28T04:10:48Z" name="testRequestTime" data-provider="testGetTheLastFundingRate" finished-at="2022-03-28T04:10:48Z" duration-ms="75" status="PASS">
          <params>
            <param index="0">
              <value>
                <![CDATA[ETHUSDT]]>
              </value>
            </param>
          </params>
          <reporter-output>
          </reporter-output>
        </test-method> <!-- testRequestTime -->
        <test-method signature="testRequestTime(java.lang.String)[pri:0, instance:testcase.usdtPerpetual.marketData.GetTheLastFundingRate@f6efaab]" started-at="2022-03-28T04:10:48Z" name="testRequestTime" data-provider="testGetTheLastFundingRate" finished-at="2022-03-28T04:10:48Z" duration-ms="69" status="PASS">
          <params>
            <param index="0">
              <value>
                <![CDATA[BITUSDT]]>
              </value>
            </param>
          </params>
          <reporter-output>
          </reporter-output>
        </test-method> <!-- testRequestTime -->
        <test-method signature="testRequestTime(java.lang.String)[pri:0, instance:testcase.usdtPerpetual.marketData.GetTheLastFundingRate@f6efaab]" started-at="2022-03-28T04:10:48Z" name="testRequestTime" data-provider="testGetTheLastFundingRate" finished-at="2022-03-28T04:10:48Z" duration-ms="69" status="PASS">
          <params>
            <param index="0">
              <value>
                <![CDATA[XRPUSDT]]>
              </value>
            </param>
          </params>
          <reporter-output>
          </reporter-output>
        </test-method> <!-- testRequestTime -->
        <test-method signature="testRequestTime(java.lang.String)[pri:0, instance:testcase.usdtPerpetual.marketData.GetTheLastFundingRate@f6efaab]" started-at="2022-03-28T04:10:48Z" name="testRequestTime" data-provider="testGetTheLastFundingRate" finished-at="2022-03-28T04:10:48Z" duration-ms="63" status="PASS">
          <params>
            <param index="0">
              <value>
                <![CDATA[DOTUSDT]]>
              </value>
            </param>
          </params>
          <reporter-output>
          </reporter-output>
        </test-method> <!-- testRequestTime -->
      </class> <!-- testcase.usdtPerpetual.marketData.GetTheLastFundingRate -->
      <class name="testcase.usdtPerpetual.marketData.PublicTradingRecords">
        <test-method signature="testPublicTradingRecords(java.lang.String, java.lang.String)[pri:0, instance:testcase.usdtPerpetual.marketData.PublicTradingRecords@74f0ea28]" started-at="2022-03-28T04:10:40Z" name="testPublicTradingRecords" data-provider="testPublicTradingRecords" finished-at="2022-03-28T04:10:44Z" duration-ms="4461" status="PASS">
          <params>
            <param index="0">
              <value>
                <![CDATA[BTCUSDT]]>
              </value>
            </param>
            <param index="1">
              <value>
                <![CDATA[1]]>
              </value>
            </param>
          </params>
          <reporter-output>
          </reporter-output>
        </test-method> <!-- testPublicTradingRecords -->
        <test-method signature="testPublicTradingRecords(java.lang.String, java.lang.String)[pri:0, instance:testcase.usdtPerpetual.marketData.PublicTradingRecords@74f0ea28]" started-at="2022-03-28T04:10:44Z" name="testPublicTradingRecords" data-provider="testPublicTradingRecords" finished-at="2022-03-28T04:10:44Z" duration-ms="158" status="PASS">
          <params>
            <param index="0">
              <value>
                <![CDATA[ETHUSDT]]>
              </value>
            </param>
            <param index="1">
              <value>
                <![CDATA[1]]>
              </value>
            </param>
          </params>
          <reporter-output>
          </reporter-output>
        </test-method> <!-- testPublicTradingRecords -->
        <test-method signature="testPublicTradingRecords(java.lang.String, java.lang.String)[pri:0, instance:testcase.usdtPerpetual.marketData.PublicTradingRecords@74f0ea28]" started-at="2022-03-28T04:10:44Z" name="testPublicTradingRecords" data-provider="testPublicTradingRecords" finished-at="2022-03-28T04:10:45Z" duration-ms="118" status="PASS">
          <params>
            <param index="0">
              <value>
                <![CDATA[BITUSDT]]>
              </value>
            </param>
            <param index="1">
              <value>
                <![CDATA[1]]>
              </value>
            </param>
          </params>
          <reporter-output>
          </reporter-output>
        </test-method> <!-- testPublicTradingRecords -->
        <test-method signature="testPublicTradingRecords(java.lang.String, java.lang.String)[pri:0, instance:testcase.usdtPerpetual.marketData.PublicTradingRecords@74f0ea28]" started-at="2022-03-28T04:10:45Z" name="testPublicTradingRecords" data-provider="testPublicTradingRecords" finished-at="2022-03-28T04:10:45Z" duration-ms="149" status="PASS">
          <params>
            <param index="0">
              <value>
                <![CDATA[XRPUSDT]]>
              </value>
            </param>
            <param index="1">
              <value>
                <![CDATA[1]]>
              </value>
            </param>
          </params>
          <reporter-output>
          </reporter-output>
        </test-method> <!-- testPublicTradingRecords -->
        <test-method signature="testPublicTradingRecords(java.lang.String, java.lang.String)[pri:0, instance:testcase.usdtPerpetual.marketData.PublicTradingRecords@74f0ea28]" started-at="2022-03-28T04:10:45Z" name="testPublicTradingRecords" data-provider="testPublicTradingRecords" finished-at="2022-03-28T04:10:45Z" duration-ms="105" status="PASS">
          <params>
            <param index="0">
              <value>
                <![CDATA[DOTUSDT]]>
              </value>
            </param>
            <param index="1">
              <value>
                <![CDATA[1]]>
              </value>
            </param>
          </params>
          <reporter-output>
          </reporter-output>
        </test-method> <!-- testPublicTradingRecords -->
        <test-method signature="testRequestLog(java.lang.String, java.lang.String)[pri:0, instance:testcase.usdtPerpetual.marketData.PublicTradingRecords@74f0ea28]" started-at="2022-03-28T04:10:45Z" name="testRequestLog" data-provider="testPublicTradingRecords" finished-at="2022-03-28T04:10:45Z" duration-ms="168" status="PASS">
          <params>
            <param index="0">
              <value>
                <![CDATA[BTCUSDT]]>
              </value>
            </param>
            <param index="1">
              <value>
                <![CDATA[1]]>
              </value>
            </param>
          </params>
          <reporter-output>
          </reporter-output>
        </test-method> <!-- testRequestLog -->
        <test-method signature="testRequestLog(java.lang.String, java.lang.String)[pri:0, instance:testcase.usdtPerpetual.marketData.PublicTradingRecords@74f0ea28]" started-at="2022-03-28T04:10:45Z" name="testRequestLog" data-provider="testPublicTradingRecords" finished-at="2022-03-28T04:10:45Z" duration-ms="74" status="PASS">
          <params>
            <param index="0">
              <value>
                <![CDATA[ETHUSDT]]>
              </value>
            </param>
            <param index="1">
              <value>
                <![CDATA[1]]>
              </value>
            </param>
          </params>
          <reporter-output>
          </reporter-output>
        </test-method> <!-- testRequestLog -->
        <test-method signature="testRequestLog(java.lang.String, java.lang.String)[pri:0, instance:testcase.usdtPerpetual.marketData.PublicTradingRecords@74f0ea28]" started-at="2022-03-28T04:10:45Z" name="testRequestLog" data-provider="testPublicTradingRecords" finished-at="2022-03-28T04:10:45Z" duration-ms="75" status="PASS">
          <params>
            <param index="0">
              <value>
                <![CDATA[BITUSDT]]>
              </value>
            </param>
            <param index="1">
              <value>
                <![CDATA[1]]>
              </value>
            </param>
          </params>
          <reporter-output>
          </reporter-output>
        </test-method> <!-- testRequestLog -->
        <test-method signature="testRequestLog(java.lang.String, java.lang.String)[pri:0, instance:testcase.usdtPerpetual.marketData.PublicTradingRecords@74f0ea28]" started-at="2022-03-28T04:10:45Z" name="testRequestLog" data-provider="testPublicTradingRecords" finished-at="2022-03-28T04:10:45Z" duration-ms="66" status="PASS">
          <params>
            <param index="0">
              <value>
                <![CDATA[XRPUSDT]]>
              </value>
            </param>
            <param index="1">
              <value>
                <![CDATA[1]]>
              </value>
            </param>
          </params>
          <reporter-output>
          </reporter-output>
        </test-method> <!-- testRequestLog -->
        <test-method signature="testRequestLog(java.lang.String, java.lang.String)[pri:0, instance:testcase.usdtPerpetual.marketData.PublicTradingRecords@74f0ea28]" started-at="2022-03-28T04:10:45Z" name="testRequestLog" data-provider="testPublicTradingRecords" finished-at="2022-03-28T04:10:46Z" duration-ms="69" status="PASS">
          <params>
            <param index="0">
              <value>
                <![CDATA[DOTUSDT]]>
              </value>
            </param>
            <param index="1">
              <value>
                <![CDATA[1]]>
              </value>
            </param>
          </params>
          <reporter-output>
          </reporter-output>
        </test-method> <!-- testRequestLog -->
        <test-method signature="testRequestTime(java.lang.String, java.lang.String)[pri:0, instance:testcase.usdtPerpetual.marketData.PublicTradingRecords@74f0ea28]" started-at="2022-03-28T04:10:46Z" name="testRequestTime" data-provider="testPublicTradingRecords" finished-at="2022-03-28T04:10:46Z" duration-ms="188" status="PASS">
          <params>
            <param index="0">
              <value>
                <![CDATA[BTCUSDT]]>
              </value>
            </param>
            <param index="1">
              <value>
                <![CDATA[1]]>
              </value>
            </param>
          </params>
          <reporter-output>
          </reporter-output>
        </test-method> <!-- testRequestTime -->
        <test-method signature="testRequestTime(java.lang.String, java.lang.String)[pri:0, instance:testcase.usdtPerpetual.marketData.PublicTradingRecords@74f0ea28]" started-at="2022-03-28T04:10:46Z" name="testRequestTime" data-provider="testPublicTradingRecords" finished-at="2022-03-28T04:10:46Z" duration-ms="88" status="PASS">
          <params>
            <param index="0">
              <value>
                <![CDATA[ETHUSDT]]>
              </value>
            </param>
            <param index="1">
              <value>
                <![CDATA[1]]>
              </value>
            </param>
          </params>
          <reporter-output>
          </reporter-output>
        </test-method> <!-- testRequestTime -->
        <test-method signature="testRequestTime(java.lang.String, java.lang.String)[pri:0, instance:testcase.usdtPerpetual.marketData.PublicTradingRecords@74f0ea28]" started-at="2022-03-28T04:10:46Z" name="testRequestTime" data-provider="testPublicTradingRecords" finished-at="2022-03-28T04:10:46Z" duration-ms="75" status="PASS">
          <params>
            <param index="0">
              <value>
                <![CDATA[BITUSDT]]>
              </value>
            </param>
            <param index="1">
              <value>
                <![CDATA[1]]>
              </value>
            </param>
          </params>
          <reporter-output>
          </reporter-output>
        </test-method> <!-- testRequestTime -->
        <test-method signature="testRequestTime(java.lang.String, java.lang.String)[pri:0, instance:testcase.usdtPerpetual.marketData.PublicTradingRecords@74f0ea28]" started-at="2022-03-28T04:10:46Z" name="testRequestTime" data-provider="testPublicTradingRecords" finished-at="2022-03-28T04:10:46Z" duration-ms="130" status="PASS">
          <params>
            <param index="0">
              <value>
                <![CDATA[XRPUSDT]]>
              </value>
            </param>
            <param index="1">
              <value>
                <![CDATA[1]]>
              </value>
            </param>
          </params>
          <reporter-output>
          </reporter-output>
        </test-method> <!-- testRequestTime -->
        <test-method signature="testRequestTime(java.lang.String, java.lang.String)[pri:0, instance:testcase.usdtPerpetual.marketData.PublicTradingRecords@74f0ea28]" started-at="2022-03-28T04:10:46Z" name="testRequestTime" data-provider="testPublicTradingRecords" finished-at="2022-03-28T04:10:46Z" duration-ms="83" status="PASS">
          <params>
            <param index="0">
              <value>
                <![CDATA[DOTUSDT]]>
              </value>
            </param>
            <param index="1">
              <value>
                <![CDATA[1]]>
              </value>
            </param>
          </params>
          <reporter-output>
          </reporter-output>
        </test-method> <!-- testRequestTime -->
      </class> <!-- testcase.usdtPerpetual.marketData.PublicTradingRecords -->
      <class name="testcase.usdtPerpetual.marketData.QueryKline">
        <test-method signature="testQueryKline(java.lang.String, java.lang.String, java.lang.String)[pri:0, instance:testcase.usdtPerpetual.marketData.QueryKline@3c19aaa5]" started-at="2022-03-28T04:10:48Z" name="testQueryKline" data-provider="testQueryKline" finished-at="2022-03-28T04:10:48Z" duration-ms="116" status="PASS">
          <params>
            <param index="0">
              <value>
                <![CDATA[BTCUSDT]]>
              </value>
            </param>
            <param index="1">
              <value>
                <![CDATA[1]]>
              </value>
            </param>
            <param index="2">
              <value>
                <![CDATA[1]]>
              </value>
            </param>
          </params>
          <reporter-output>
          </reporter-output>
        </test-method> <!-- testQueryKline -->
        <test-method signature="testQueryKline(java.lang.String, java.lang.String, java.lang.String)[pri:0, instance:testcase.usdtPerpetual.marketData.QueryKline@3c19aaa5]" started-at="2022-03-28T04:10:48Z" name="testQueryKline" data-provider="testQueryKline" finished-at="2022-03-28T04:10:48Z" duration-ms="92" status="PASS">
          <params>
            <param index="0">
              <value>
                <![CDATA[ETHUSDT]]>
              </value>
            </param>
            <param index="1">
              <value>
                <![CDATA[1]]>
              </value>
            </param>
            <param index="2">
              <value>
                <![CDATA[1]]>
              </value>
            </param>
          </params>
          <reporter-output>
          </reporter-output>
        </test-method> <!-- testQueryKline -->
        <test-method signature="testQueryKline(java.lang.String, java.lang.String, java.lang.String)[pri:0, instance:testcase.usdtPerpetual.marketData.QueryKline@3c19aaa5]" started-at="2022-03-28T04:10:48Z" name="testQueryKline" data-provider="testQueryKline" finished-at="2022-03-28T04:10:49Z" duration-ms="99" status="PASS">
          <params>
            <param index="0">
              <value>
                <![CDATA[BITUSDT]]>
              </value>
            </param>
            <param index="1">
              <value>
                <![CDATA[1]]>
              </value>
            </param>
            <param index="2">
              <value>
                <![CDATA[1]]>
              </value>
            </param>
          </params>
          <reporter-output>
          </reporter-output>
        </test-method> <!-- testQueryKline -->
        <test-method signature="testQueryKline(java.lang.String, java.lang.String, java.lang.String)[pri:0, instance:testcase.usdtPerpetual.marketData.QueryKline@3c19aaa5]" started-at="2022-03-28T04:10:49Z" name="testQueryKline" data-provider="testQueryKline" finished-at="2022-03-28T04:10:49Z" duration-ms="77" status="PASS">
          <params>
            <param index="0">
              <value>
                <![CDATA[XRPUSDT]]>
              </value>
            </param>
            <param index="1">
              <value>
                <![CDATA[1]]>
              </value>
            </param>
            <param index="2">
              <value>
                <![CDATA[1]]>
              </value>
            </param>
          </params>
          <reporter-output>
          </reporter-output>
        </test-method> <!-- testQueryKline -->
        <test-method signature="testQueryKline(java.lang.String, java.lang.String, java.lang.String)[pri:0, instance:testcase.usdtPerpetual.marketData.QueryKline@3c19aaa5]" started-at="2022-03-28T04:10:49Z" name="testQueryKline" data-provider="testQueryKline" finished-at="2022-03-28T04:10:49Z" duration-ms="74" status="PASS">
          <params>
            <param index="0">
              <value>
                <![CDATA[DOTUSDT]]>
              </value>
            </param>
            <param index="1">
              <value>
                <![CDATA[1]]>
              </value>
            </param>
            <param index="2">
              <value>
                <![CDATA[1]]>
              </value>
            </param>
          </params>
          <reporter-output>
          </reporter-output>
        </test-method> <!-- testQueryKline -->
        <test-method signature="testRequestLog(java.lang.String, java.lang.String, java.lang.String)[pri:0, instance:testcase.usdtPerpetual.marketData.QueryKline@3c19aaa5]" started-at="2022-03-28T04:10:49Z" name="testRequestLog" data-provider="testQueryKline" finished-at="2022-03-28T04:10:49Z" duration-ms="84" status="PASS">
          <params>
            <param index="0">
              <value>
                <![CDATA[BTCUSDT]]>
              </value>
            </param>
            <param index="1">
              <value>
                <![CDATA[1]]>
              </value>
            </param>
            <param index="2">
              <value>
                <![CDATA[1]]>
              </value>
            </param>
          </params>
          <reporter-output>
          </reporter-output>
        </test-method> <!-- testRequestLog -->
        <test-method signature="testRequestLog(java.lang.String, java.lang.String, java.lang.String)[pri:0, instance:testcase.usdtPerpetual.marketData.QueryKline@3c19aaa5]" started-at="2022-03-28T04:10:49Z" name="testRequestLog" data-provider="testQueryKline" finished-at="2022-03-28T04:10:49Z" duration-ms="67" status="PASS">
          <params>
            <param index="0">
              <value>
                <![CDATA[ETHUSDT]]>
              </value>
            </param>
            <param index="1">
              <value>
                <![CDATA[1]]>
              </value>
            </param>
            <param index="2">
              <value>
                <![CDATA[1]]>
              </value>
            </param>
          </params>
          <reporter-output>
          </reporter-output>
        </test-method> <!-- testRequestLog -->
        <test-method signature="testRequestLog(java.lang.String, java.lang.String, java.lang.String)[pri:0, instance:testcase.usdtPerpetual.marketData.QueryKline@3c19aaa5]" started-at="2022-03-28T04:10:49Z" name="testRequestLog" data-provider="testQueryKline" finished-at="2022-03-28T04:10:49Z" duration-ms="75" status="PASS">
          <params>
            <param index="0">
              <value>
                <![CDATA[BITUSDT]]>
              </value>
            </param>
            <param index="1">
              <value>
                <![CDATA[1]]>
              </value>
            </param>
            <param index="2">
              <value>
                <![CDATA[1]]>
              </value>
            </param>
          </params>
          <reporter-output>
          </reporter-output>
        </test-method> <!-- testRequestLog -->
        <test-method signature="testRequestLog(java.lang.String, java.lang.String, java.lang.String)[pri:0, instance:testcase.usdtPerpetual.marketData.QueryKline@3c19aaa5]" started-at="2022-03-28T04:10:49Z" name="testRequestLog" data-provider="testQueryKline" finished-at="2022-03-28T04:10:49Z" duration-ms="66" status="PASS">
          <params>
            <param index="0">
              <value>
                <![CDATA[XRPUSDT]]>
              </value>
            </param>
            <param index="1">
              <value>
                <![CDATA[1]]>
              </value>
            </param>
            <param index="2">
              <value>
                <![CDATA[1]]>
              </value>
            </param>
          </params>
          <reporter-output>
          </reporter-output>
        </test-method> <!-- testRequestLog -->
        <test-method signature="testRequestLog(java.lang.String, java.lang.String, java.lang.String)[pri:0, instance:testcase.usdtPerpetual.marketData.QueryKline@3c19aaa5]" started-at="2022-03-28T04:10:49Z" name="testRequestLog" data-provider="testQueryKline" finished-at="2022-03-28T04:10:49Z" duration-ms="64" status="PASS">
          <params>
            <param index="0">
              <value>
                <![CDATA[DOTUSDT]]>
              </value>
            </param>
            <param index="1">
              <value>
                <![CDATA[1]]>
              </value>
            </param>
            <param index="2">
              <value>
                <![CDATA[1]]>
              </value>
            </param>
          </params>
          <reporter-output>
          </reporter-output>
        </test-method> <!-- testRequestLog -->
        <test-method signature="testRequestTime(java.lang.String, java.lang.String, java.lang.String)[pri:0, instance:testcase.usdtPerpetual.marketData.QueryKline@3c19aaa5]" started-at="2022-03-28T04:10:50Z" name="testRequestTime" data-provider="testQueryKline" finished-at="2022-03-28T04:10:50Z" duration-ms="65" status="PASS">
          <params>
            <param index="0">
              <value>
                <![CDATA[BTCUSDT]]>
              </value>
            </param>
            <param index="1">
              <value>
                <![CDATA[1]]>
              </value>
            </param>
            <param index="2">
              <value>
                <![CDATA[1]]>
              </value>
            </param>
          </params>
          <reporter-output>
          </reporter-output>
        </test-method> <!-- testRequestTime -->
        <test-method signature="testRequestTime(java.lang.String, java.lang.String, java.lang.String)[pri:0, instance:testcase.usdtPerpetual.marketData.QueryKline@3c19aaa5]" started-at="2022-03-28T04:10:50Z" name="testRequestTime" data-provider="testQueryKline" finished-at="2022-03-28T04:10:50Z" duration-ms="57" status="PASS">
          <params>
            <param index="0">
              <value>
                <![CDATA[ETHUSDT]]>
              </value>
            </param>
            <param index="1">
              <value>
                <![CDATA[1]]>
              </value>
            </param>
            <param index="2">
              <value>
                <![CDATA[1]]>
              </value>
            </param>
          </params>
          <reporter-output>
          </reporter-output>
        </test-method> <!-- testRequestTime -->
        <test-method signature="testRequestTime(java.lang.String, java.lang.String, java.lang.String)[pri:0, instance:testcase.usdtPerpetual.marketData.QueryKline@3c19aaa5]" started-at="2022-03-28T04:10:50Z" name="testRequestTime" data-provider="testQueryKline" finished-at="2022-03-28T04:10:50Z" duration-ms="55" status="PASS">
          <params>
            <param index="0">
              <value>
                <![CDATA[BITUSDT]]>
              </value>
            </param>
            <param index="1">
              <value>
                <![CDATA[1]]>
              </value>
            </param>
            <param index="2">
              <value>
                <![CDATA[1]]>
              </value>
            </param>
          </params>
          <reporter-output>
          </reporter-output>
        </test-method> <!-- testRequestTime -->
        <test-method signature="testRequestTime(java.lang.String, java.lang.String, java.lang.String)[pri:0, instance:testcase.usdtPerpetual.marketData.QueryKline@3c19aaa5]" started-at="2022-03-28T04:10:50Z" name="testRequestTime" data-provider="testQueryKline" finished-at="2022-03-28T04:10:50Z" duration-ms="63" status="PASS">
          <params>
            <param index="0">
              <value>
                <![CDATA[XRPUSDT]]>
              </value>
            </param>
            <param index="1">
              <value>
                <![CDATA[1]]>
              </value>
            </param>
            <param index="2">
              <value>
                <![CDATA[1]]>
              </value>
            </param>
          </params>
          <reporter-output>
          </reporter-output>
        </test-method> <!-- testRequestTime -->
        <test-method signature="testRequestTime(java.lang.String, java.lang.String, java.lang.String)[pri:0, instance:testcase.usdtPerpetual.marketData.QueryKline@3c19aaa5]" started-at="2022-03-28T04:10:50Z" name="testRequestTime" data-provider="testQueryKline" finished-at="2022-03-28T04:10:50Z" duration-ms="65" status="PASS">
          <params>
            <param index="0">
              <value>
                <![CDATA[DOTUSDT]]>
              </value>
            </param>
            <param index="1">
              <value>
                <![CDATA[1]]>
              </value>
            </param>
            <param index="2">
              <value>
                <![CDATA[1]]>
              </value>
            </param>
          </params>
          <reporter-output>
          </reporter-output>
        </test-method> <!-- testRequestTime -->
      </class> <!-- testcase.usdtPerpetual.marketData.QueryKline -->
    </test> <!-- BybitRestTest usdtPerpetual Test -->
    <test started-at="2022-03-28T04:10:58Z" name="BybitRestTest inversePerpetual Test" finished-at="2022-03-28T04:11:10Z" duration-ms="11350">
      <class name="testcase.inverseperpetual.marketData.PublicTradingRecords">
        <test-method signature="testPublicTradingRecords(java.lang.String, java.lang.String)[pri:0, instance:testcase.inverseperpetual.marketData.PublicTradingRecords@618b19ad]" started-at="2022-03-28T04:11:04Z" name="testPublicTradingRecords" data-provider="testPublicTradingRecords" finished-at="2022-03-28T04:11:04Z" duration-ms="66" status="PASS">
          <params>
            <param index="0">
              <value>
                <![CDATA[BTCUSD]]>
              </value>
            </param>
            <param index="1">
              <value>
                <![CDATA[1]]>
              </value>
            </param>
          </params>
          <reporter-output>
          </reporter-output>
        </test-method> <!-- testPublicTradingRecords -->
        <test-method signature="testPublicTradingRecords(java.lang.String, java.lang.String)[pri:0, instance:testcase.inverseperpetual.marketData.PublicTradingRecords@618b19ad]" started-at="2022-03-28T04:11:04Z" name="testPublicTradingRecords" data-provider="testPublicTradingRecords" finished-at="2022-03-28T04:11:04Z" duration-ms="66" status="PASS">
          <params>
            <param index="0">
              <value>
                <![CDATA[ETHUSD]]>
              </value>
            </param>
            <param index="1">
              <value>
                <![CDATA[1]]>
              </value>
            </param>
          </params>
          <reporter-output>
          </reporter-output>
        </test-method> <!-- testPublicTradingRecords -->
        <test-method signature="testPublicTradingRecords(java.lang.String, java.lang.String)[pri:0, instance:testcase.inverseperpetual.marketData.PublicTradingRecords@618b19ad]" started-at="2022-03-28T04:11:04Z" name="testPublicTradingRecords" data-provider="testPublicTradingRecords" finished-at="2022-03-28T04:11:04Z" duration-ms="65" status="PASS">
          <params>
            <param index="0">
              <value>
                <![CDATA[BITUSD]]>
              </value>
            </param>
            <param index="1">
              <value>
                <![CDATA[1]]>
              </value>
            </param>
          </params>
          <reporter-output>
          </reporter-output>
        </test-method> <!-- testPublicTradingRecords -->
        <test-method signature="testPublicTradingRecords(java.lang.String, java.lang.String)[pri:0, instance:testcase.inverseperpetual.marketData.PublicTradingRecords@618b19ad]" started-at="2022-03-28T04:11:04Z" name="testPublicTradingRecords" data-provider="testPublicTradingRecords" finished-at="2022-03-28T04:11:04Z" duration-ms="74" status="PASS">
          <params>
            <param index="0">
              <value>
                <![CDATA[XRPUSD]]>
              </value>
            </param>
            <param index="1">
              <value>
                <![CDATA[1]]>
              </value>
            </param>
          </params>
          <reporter-output>
          </reporter-output>
        </test-method> <!-- testPublicTradingRecords -->
        <test-method signature="testPublicTradingRecords(java.lang.String, java.lang.String)[pri:0, instance:testcase.inverseperpetual.marketData.PublicTradingRecords@618b19ad]" started-at="2022-03-28T04:11:04Z" name="testPublicTradingRecords" data-provider="testPublicTradingRecords" finished-at="2022-03-28T04:11:04Z" duration-ms="64" status="PASS">
          <params>
            <param index="0">
              <value>
                <![CDATA[DOTUSD]]>
              </value>
            </param>
            <param index="1">
              <value>
                <![CDATA[1]]>
              </value>
            </param>
          </params>
          <reporter-output>
          </reporter-output>
        </test-method> <!-- testPublicTradingRecords -->
        <test-method signature="testRequestLog(java.lang.String, java.lang.String)[pri:0, instance:testcase.inverseperpetual.marketData.PublicTradingRecords@618b19ad]" started-at="2022-03-28T04:11:04Z" name="testRequestLog" data-provider="testPublicTradingRecords" finished-at="2022-03-28T04:11:04Z" duration-ms="67" status="PASS">
          <params>
            <param index="0">
              <value>
                <![CDATA[BTCUSD]]>
              </value>
            </param>
            <param index="1">
              <value>
                <![CDATA[1]]>
              </value>
            </param>
          </params>
          <reporter-output>
          </reporter-output>
        </test-method> <!-- testRequestLog -->
        <test-method signature="testRequestLog(java.lang.String, java.lang.String)[pri:0, instance:testcase.inverseperpetual.marketData.PublicTradingRecords@618b19ad]" started-at="2022-03-28T04:11:04Z" name="testRequestLog" data-provider="testPublicTradingRecords" finished-at="2022-03-28T04:11:04Z" duration-ms="54" status="PASS">
          <params>
            <param index="0">
              <value>
                <![CDATA[ETHUSD]]>
              </value>
            </param>
            <param index="1">
              <value>
                <![CDATA[1]]>
              </value>
            </param>
          </params>
          <reporter-output>
          </reporter-output>
        </test-method> <!-- testRequestLog -->
        <test-method signature="testRequestLog(java.lang.String, java.lang.String)[pri:0, instance:testcase.inverseperpetual.marketData.PublicTradingRecords@618b19ad]" started-at="2022-03-28T04:11:04Z" name="testRequestLog" data-provider="testPublicTradingRecords" finished-at="2022-03-28T04:11:04Z" duration-ms="59" status="PASS">
          <params>
            <param index="0">
              <value>
                <![CDATA[BITUSD]]>
              </value>
            </param>
            <param index="1">
              <value>
                <![CDATA[1]]>
              </value>
            </param>
          </params>
          <reporter-output>
          </reporter-output>
        </test-method> <!-- testRequestLog -->
        <test-method signature="testRequestLog(java.lang.String, java.lang.String)[pri:0, instance:testcase.inverseperpetual.marketData.PublicTradingRecords@618b19ad]" started-at="2022-03-28T04:11:04Z" name="testRequestLog" data-provider="testPublicTradingRecords" finished-at="2022-03-28T04:11:04Z" duration-ms="55" status="PASS">
          <params>
            <param index="0">
              <value>
                <![CDATA[XRPUSD]]>
              </value>
            </param>
            <param index="1">
              <value>
                <![CDATA[1]]>
              </value>
            </param>
          </params>
          <reporter-output>
          </reporter-output>
        </test-method> <!-- testRequestLog -->
        <test-method signature="testRequestLog(java.lang.String, java.lang.String)[pri:0, instance:testcase.inverseperpetual.marketData.PublicTradingRecords@618b19ad]" started-at="2022-03-28T04:11:04Z" name="testRequestLog" data-provider="testPublicTradingRecords" finished-at="2022-03-28T04:11:04Z" duration-ms="52" status="PASS">
          <params>
            <param index="0">
              <value>
                <![CDATA[DOTUSD]]>
              </value>
            </param>
            <param index="1">
              <value>
                <![CDATA[1]]>
              </value>
            </param>
          </params>
          <reporter-output>
          </reporter-output>
        </test-method> <!-- testRequestLog -->
        <test-method signature="testRequestTime(java.lang.String, java.lang.String)[pri:0, instance:testcase.inverseperpetual.marketData.PublicTradingRecords@618b19ad]" started-at="2022-03-28T04:11:04Z" name="testRequestTime" data-provider="testPublicTradingRecords" finished-at="2022-03-28T04:11:04Z" duration-ms="60" status="PASS">
          <params>
            <param index="0">
              <value>
                <![CDATA[BTCUSD]]>
              </value>
            </param>
            <param index="1">
              <value>
                <![CDATA[1]]>
              </value>
            </param>
          </params>
          <reporter-output>
          </reporter-output>
        </test-method> <!-- testRequestTime -->
        <test-method signature="testRequestTime(java.lang.String, java.lang.String)[pri:0, instance:testcase.inverseperpetual.marketData.PublicTradingRecords@618b19ad]" started-at="2022-03-28T04:11:04Z" name="testRequestTime" data-provider="testPublicTradingRecords" finished-at="2022-03-28T04:11:04Z" duration-ms="53" status="PASS">
          <params>
            <param index="0">
              <value>
                <![CDATA[ETHUSD]]>
              </value>
            </param>
            <param index="1">
              <value>
                <![CDATA[1]]>
              </value>
            </param>
          </params>
          <reporter-output>
          </reporter-output>
        </test-method> <!-- testRequestTime -->
        <test-method signature="testRequestTime(java.lang.String, java.lang.String)[pri:0, instance:testcase.inverseperpetual.marketData.PublicTradingRecords@618b19ad]" started-at="2022-03-28T04:11:04Z" name="testRequestTime" data-provider="testPublicTradingRecords" finished-at="2022-03-28T04:11:05Z" duration-ms="77" status="PASS">
          <params>
            <param index="0">
              <value>
                <![CDATA[BITUSD]]>
              </value>
            </param>
            <param index="1">
              <value>
                <![CDATA[1]]>
              </value>
            </param>
          </params>
          <reporter-output>
          </reporter-output>
        </test-method> <!-- testRequestTime -->
        <test-method signature="testRequestTime(java.lang.String, java.lang.String)[pri:0, instance:testcase.inverseperpetual.marketData.PublicTradingRecords@618b19ad]" started-at="2022-03-28T04:11:05Z" name="testRequestTime" data-provider="testPublicTradingRecords" finished-at="2022-03-28T04:11:05Z" duration-ms="58" status="PASS">
          <params>
            <param index="0">
              <value>
                <![CDATA[XRPUSD]]>
              </value>
            </param>
            <param index="1">
              <value>
                <![CDATA[1]]>
              </value>
            </param>
          </params>
          <reporter-output>
          </reporter-output>
        </test-method> <!-- testRequestTime -->
        <test-method signature="testRequestTime(java.lang.String, java.lang.String)[pri:0, instance:testcase.inverseperpetual.marketData.PublicTradingRecords@618b19ad]" started-at="2022-03-28T04:11:05Z" name="testRequestTime" data-provider="testPublicTradingRecords" finished-at="2022-03-28T04:11:05Z" duration-ms="94" status="PASS">
          <params>
            <param index="0">
              <value>
                <![CDATA[DOTUSD]]>
              </value>
            </param>
            <param index="1">
              <value>
                <![CDATA[1]]>
              </value>
            </param>
          </params>
          <reporter-output>
          </reporter-output>
        </test-method> <!-- testRequestTime -->
      </class> <!-- testcase.inverseperpetual.marketData.PublicTradingRecords -->
      <class name="testcase.inverseperpetual.marketData.QueryIndexPriceKline">
        <test-method signature="testQueryIndexPriceKline(java.lang.String, java.lang.String, java.lang.String)[pri:0, instance:testcase.inverseperpetual.marketData.QueryIndexPriceKline@2d3379b4]" started-at="2022-03-28T04:11:05Z" name="testQueryIndexPriceKline" data-provider="testQueryIndexPriceKline" finished-at="2022-03-28T04:11:05Z" duration-ms="100" status="PASS">
          <params>
            <param index="0">
              <value>
                <![CDATA[BTCUSD]]>
              </value>
            </param>
            <param index="1">
              <value>
                <![CDATA[1]]>
              </value>
            </param>
            <param index="2">
              <value>
                <![CDATA[1]]>
              </value>
            </param>
          </params>
          <reporter-output>
          </reporter-output>
        </test-method> <!-- testQueryIndexPriceKline -->
        <test-method signature="testQueryIndexPriceKline(java.lang.String, java.lang.String, java.lang.String)[pri:0, instance:testcase.inverseperpetual.marketData.QueryIndexPriceKline@2d3379b4]" started-at="2022-03-28T04:11:05Z" name="testQueryIndexPriceKline" data-provider="testQueryIndexPriceKline" finished-at="2022-03-28T04:11:05Z" duration-ms="68" status="PASS">
          <params>
            <param index="0">
              <value>
                <![CDATA[ETHUSD]]>
              </value>
            </param>
            <param index="1">
              <value>
                <![CDATA[1]]>
              </value>
            </param>
            <param index="2">
              <value>
                <![CDATA[1]]>
              </value>
            </param>
          </params>
          <reporter-output>
          </reporter-output>
        </test-method> <!-- testQueryIndexPriceKline -->
        <test-method signature="testQueryIndexPriceKline(java.lang.String, java.lang.String, java.lang.String)[pri:0, instance:testcase.inverseperpetual.marketData.QueryIndexPriceKline@2d3379b4]" started-at="2022-03-28T04:11:05Z" name="testQueryIndexPriceKline" data-provider="testQueryIndexPriceKline" finished-at="2022-03-28T04:11:05Z" duration-ms="103" status="PASS">
          <params>
            <param index="0">
              <value>
                <![CDATA[BITUSD]]>
              </value>
            </param>
            <param index="1">
              <value>
                <![CDATA[1]]>
              </value>
            </param>
            <param index="2">
              <value>
                <![CDATA[1]]>
              </value>
            </param>
          </params>
          <reporter-output>
          </reporter-output>
        </test-method> <!-- testQueryIndexPriceKline -->
        <test-method signature="testQueryIndexPriceKline(java.lang.String, java.lang.String, java.lang.String)[pri:0, instance:testcase.inverseperpetual.marketData.QueryIndexPriceKline@2d3379b4]" started-at="2022-03-28T04:11:05Z" name="testQueryIndexPriceKline" data-provider="testQueryIndexPriceKline" finished-at="2022-03-28T04:11:05Z" duration-ms="101" status="PASS">
          <params>
            <param index="0">
              <value>
                <![CDATA[XRPUSD]]>
              </value>
            </param>
            <param index="1">
              <value>
                <![CDATA[1]]>
              </value>
            </param>
            <param index="2">
              <value>
                <![CDATA[1]]>
              </value>
            </param>
          </params>
          <reporter-output>
          </reporter-output>
        </test-method> <!-- testQueryIndexPriceKline -->
        <test-method signature="testQueryIndexPriceKline(java.lang.String, java.lang.String, java.lang.String)[pri:0, instance:testcase.inverseperpetual.marketData.QueryIndexPriceKline@2d3379b4]" started-at="2022-03-28T04:11:05Z" name="testQueryIndexPriceKline" data-provider="testQueryIndexPriceKline" finished-at="2022-03-28T04:11:05Z" duration-ms="82" status="PASS">
          <params>
            <param index="0">
              <value>
                <![CDATA[DOTUSD]]>
              </value>
            </param>
            <param index="1">
              <value>
                <![CDATA[1]]>
              </value>
            </param>
            <param index="2">
              <value>
                <![CDATA[1]]>
              </value>
            </param>
          </params>
          <reporter-output>
          </reporter-output>
        </test-method> <!-- testQueryIndexPriceKline -->
        <test-method signature="testRequestLog(java.lang.String, java.lang.String, java.lang.String)[pri:0, instance:testcase.inverseperpetual.marketData.QueryIndexPriceKline@2d3379b4]" started-at="2022-03-28T04:11:05Z" name="testRequestLog" data-provider="testQueryIndexPriceKline" finished-at="2022-03-28T04:11:05Z" duration-ms="68" status="PASS">
          <params>
            <param index="0">
              <value>
                <![CDATA[BTCUSD]]>
              </value>
            </param>
            <param index="1">
              <value>
                <![CDATA[1]]>
              </value>
            </param>
            <param index="2">
              <value>
                <![CDATA[1]]>
              </value>
            </param>
          </params>
          <reporter-output>
          </reporter-output>
        </test-method> <!-- testRequestLog -->
        <test-method signature="testRequestLog(java.lang.String, java.lang.String, java.lang.String)[pri:0, instance:testcase.inverseperpetual.marketData.QueryIndexPriceKline@2d3379b4]" started-at="2022-03-28T04:11:05Z" name="testRequestLog" data-provider="testQueryIndexPriceKline" finished-at="2022-03-28T04:11:06Z" duration-ms="66" status="PASS">
          <params>
            <param index="0">
              <value>
                <![CDATA[ETHUSD]]>
              </value>
            </param>
            <param index="1">
              <value>
                <![CDATA[1]]>
              </value>
            </param>
            <param index="2">
              <value>
                <![CDATA[1]]>
              </value>
            </param>
          </params>
          <reporter-output>
          </reporter-output>
        </test-method> <!-- testRequestLog -->
        <test-method signature="testRequestLog(java.lang.String, java.lang.String, java.lang.String)[pri:0, instance:testcase.inverseperpetual.marketData.QueryIndexPriceKline@2d3379b4]" started-at="2022-03-28T04:11:06Z" name="testRequestLog" data-provider="testQueryIndexPriceKline" finished-at="2022-03-28T04:11:06Z" duration-ms="60" status="PASS">
          <params>
            <param index="0">
              <value>
                <![CDATA[BITUSD]]>
              </value>
            </param>
            <param index="1">
              <value>
                <![CDATA[1]]>
              </value>
            </param>
            <param index="2">
              <value>
                <![CDATA[1]]>
              </value>
            </param>
          </params>
          <reporter-output>
          </reporter-output>
        </test-method> <!-- testRequestLog -->
        <test-method signature="testRequestLog(java.lang.String, java.lang.String, java.lang.String)[pri:0, instance:testcase.inverseperpetual.marketData.QueryIndexPriceKline@2d3379b4]" started-at="2022-03-28T04:11:06Z" name="testRequestLog" data-provider="testQueryIndexPriceKline" finished-at="2022-03-28T04:11:06Z" duration-ms="68" status="PASS">
          <params>
            <param index="0">
              <value>
                <![CDATA[XRPUSD]]>
              </value>
            </param>
            <param index="1">
              <value>
                <![CDATA[1]]>
              </value>
            </param>
            <param index="2">
[...]
          <params>
            <param index="0">
              <value>
                <![CDATA[BITUSDT]]>
              </value>
            </param>
          </params>
          <reporter-output>
          </reporter-output>
        </test-method> <!-- testRequestTime -->
        <test-method signature="testRequestTime(java.lang.String)[pri:0, instance:testcase.spot.marketData.LatestInformationForSymbol@408d971b]" started-at="2022-03-28T04:11:18Z" name="testRequestTime" data-provider="testLatestInformationForSymbol" finished-at="2022-03-28T04:11:18Z" duration-ms="58" status="PASS">
          <params>
            <param index="0">
              <value>
                <![CDATA[XRPUSDT]]>
              </value>
            </param>
          </params>
          <reporter-output>
          </reporter-output>
        </test-method> <!-- testRequestTime -->
        <test-method signature="testRequestTime(java.lang.String)[pri:0, instance:testcase.spot.marketData.LatestInformationForSymbol@408d971b]" started-at="2022-03-28T04:11:18Z" name="testRequestTime" data-provider="testLatestInformationForSymbol" finished-at="2022-03-28T04:11:18Z" duration-ms="62" status="PASS">
          <params>
            <param index="0">
              <value>
                <![CDATA[DOTUSDT]]>
              </value>
            </param>
          </params>
          <reporter-output>
          </reporter-output>
        </test-method> <!-- testRequestTime -->
      </class> <!-- testcase.spot.marketData.LatestInformationForSymbol -->
      <class name="testcase.spot.marketData.BestBidAskPrice">
        <test-method is-config="true" signature="beforeSuite()[pri:0, instance:testcase.spot.marketData.BestBidAskPrice@75d4a5c2]" started-at="2022-03-28T04:10:38Z" name="beforeSuite" finished-at="2022-03-28T04:10:39Z" duration-ms="321" status="PASS">
          <reporter-output>
          </reporter-output>
        </test-method> <!-- beforeSuite -->
        <test-method signature="testBestBidAskPrice(java.lang.String)[pri:0, instance:testcase.spot.marketData.BestBidAskPrice@75d4a5c2]" started-at="2022-03-28T04:11:15Z" name="testBestBidAskPrice" data-provider="testBestBidAskPrice" finished-at="2022-03-28T04:11:15Z" duration-ms="130" status="PASS">
          <params>
            <param index="0">
              <value>
                <![CDATA[BTCUSDT]]>
              </value>
            </param>
          </params>
          <reporter-output>
          </reporter-output>
        </test-method> <!-- testBestBidAskPrice -->
        <test-method signature="testBestBidAskPrice(java.lang.String)[pri:0, instance:testcase.spot.marketData.BestBidAskPrice@75d4a5c2]" started-at="2022-03-28T04:11:15Z" name="testBestBidAskPrice" data-provider="testBestBidAskPrice" finished-at="2022-03-28T04:11:15Z" duration-ms="185" status="PASS">
          <params>
            <param index="0">
              <value>
                <![CDATA[ETHUSDT]]>
              </value>
            </param>
          </params>
          <reporter-output>
          </reporter-output>
        </test-method> <!-- testBestBidAskPrice -->
        <test-method signature="testBestBidAskPrice(java.lang.String)[pri:0, instance:testcase.spot.marketData.BestBidAskPrice@75d4a5c2]" started-at="2022-03-28T04:11:15Z" name="testBestBidAskPrice" data-provider="testBestBidAskPrice" finished-at="2022-03-28T04:11:15Z" duration-ms="114" status="PASS">
          <params>
            <param index="0">
              <value>
                <![CDATA[BITUSDT]]>
              </value>
            </param>
          </params>
          <reporter-output>
          </reporter-output>
        </test-method> <!-- testBestBidAskPrice -->
        <test-method signature="testBestBidAskPrice(java.lang.String)[pri:0, instance:testcase.spot.marketData.BestBidAskPrice@75d4a5c2]" started-at="2022-03-28T04:11:15Z" name="testBestBidAskPrice" data-provider="testBestBidAskPrice" finished-at="2022-03-28T04:11:15Z" duration-ms="84" status="PASS">
          <params>
            <param index="0">
              <value>
                <![CDATA[XRPUSDT]]>
              </value>
            </param>
          </params>
          <reporter-output>
          </reporter-output>
        </test-method> <!-- testBestBidAskPrice -->
        <test-method signature="testBestBidAskPrice(java.lang.String)[pri:0, instance:testcase.spot.marketData.BestBidAskPrice@75d4a5c2]" started-at="2022-03-28T04:11:15Z" name="testBestBidAskPrice" data-provider="testBestBidAskPrice" finished-at="2022-03-28T04:11:15Z" duration-ms="71" status="PASS">
          <params>
            <param index="0">
              <value>
                <![CDATA[DOTUSDT]]>
              </value>
            </param>
          </params>
          <reporter-output>
          </reporter-output>
        </test-method> <!-- testBestBidAskPrice -->
        <test-method signature="testRequestLog(java.lang.String)[pri:0, instance:testcase.spot.marketData.BestBidAskPrice@75d4a5c2]" started-at="2022-03-28T04:11:15Z" name="testRequestLog" data-provider="testBestBidAskPrice" finished-at="2022-03-28T04:11:15Z" duration-ms="68" status="PASS">
          <params>
            <param index="0">
              <value>
                <![CDATA[BTCUSDT]]>
              </value>
            </param>
          </params>
          <reporter-output>
          </reporter-output>
        </test-method> <!-- testRequestLog -->
        <test-method signature="testRequestLog(java.lang.String)[pri:0, instance:testcase.spot.marketData.BestBidAskPrice@75d4a5c2]" started-at="2022-03-28T04:11:15Z" name="testRequestLog" data-provider="testBestBidAskPrice" finished-at="2022-03-28T04:11:16Z" duration-ms="60" status="PASS">
          <params>
            <param index="0">
              <value>
                <![CDATA[ETHUSDT]]>
              </value>
            </param>
          </params>
          <reporter-output>
          </reporter-output>
        </test-method> <!-- testRequestLog -->
        <test-method signature="testRequestLog(java.lang.String)[pri:0, instance:testcase.spot.marketData.BestBidAskPrice@75d4a5c2]" started-at="2022-03-28T04:11:16Z" name="testRequestLog" data-provider="testBestBidAskPrice" finished-at="2022-03-28T04:11:16Z" duration-ms="63" status="PASS">
          <params>
            <param index="0">
              <value>
                <![CDATA[BITUSDT]]>
              </value>
            </param>
          </params>
          <reporter-output>
          </reporter-output>
        </test-method> <!-- testRequestLog -->
        <test-method signature="testRequestLog(java.lang.String)[pri:0, instance:testcase.spot.marketData.BestBidAskPrice@75d4a5c2]" started-at="2022-03-28T04:11:16Z" name="testRequestLog" data-provider="testBestBidAskPrice" finished-at="2022-03-28T04:11:16Z" duration-ms="66" status="PASS">
          <params>
            <param index="0">
              <value>
                <![CDATA[XRPUSDT]]>
              </value>
            </param>
          </params>
          <reporter-output>
          </reporter-output>
        </test-method> <!-- testRequestLog -->
        <test-method signature="testRequestLog(java.lang.String)[pri:0, instance:testcase.spot.marketData.BestBidAskPrice@75d4a5c2]" started-at="2022-03-28T04:11:16Z" name="testRequestLog" data-provider="testBestBidAskPrice" finished-at="2022-03-28T04:11:16Z" duration-ms="90" status="PASS">
          <params>
            <param index="0">
              <value>
                <![CDATA[DOTUSDT]]>
              </value>
            </param>
          </params>
          <reporter-output>
          </reporter-output>
        </test-method> <!-- testRequestLog -->
        <test-method signature="testRequestTime(java.lang.String)[pri:0, instance:testcase.spot.marketData.BestBidAskPrice@75d4a5c2]" started-at="2022-03-28T04:11:16Z" name="testRequestTime" data-provider="testBestBidAskPrice" finished-at="2022-03-28T04:11:16Z" duration-ms="87" status="PASS">
          <params>
            <param index="0">
              <value>
                <![CDATA[BTCUSDT]]>
              </value>
            </param>
          </params>
          <reporter-output>
          </reporter-output>
        </test-method> <!-- testRequestTime -->
        <test-method signature="testRequestTime(java.lang.String)[pri:0, instance:testcase.spot.marketData.BestBidAskPrice@75d4a5c2]" started-at="2022-03-28T04:11:16Z" name="testRequestTime" data-provider="testBestBidAskPrice" finished-at="2022-03-28T04:11:16Z" duration-ms="83" status="PASS">
          <params>
            <param index="0">
              <value>
                <![CDATA[ETHUSDT]]>
              </value>
            </param>
          </params>
          <reporter-output>
          </reporter-output>
        </test-method> <!-- testRequestTime -->
        <test-method signature="testRequestTime(java.lang.String)[pri:0, instance:testcase.spot.marketData.BestBidAskPrice@75d4a5c2]" started-at="2022-03-28T04:11:16Z" name="testRequestTime" data-provider="testBestBidAskPrice" finished-at="2022-03-28T04:11:16Z" duration-ms="60" status="PASS">
          <params>
            <param index="0">
              <value>
                <![CDATA[BITUSDT]]>
              </value>
            </param>
          </params>
          <reporter-output>
          </reporter-output>
        </test-method> <!-- testRequestTime -->
        <test-method signature="testRequestTime(java.lang.String)[pri:0, instance:testcase.spot.marketData.BestBidAskPrice@75d4a5c2]" started-at="2022-03-28T04:11:16Z" name="testRequestTime" data-provider="testBestBidAskPrice" finished-at="2022-03-28T04:11:16Z" duration-ms="57" status="PASS">
          <params>
            <param index="0">
              <value>
                <![CDATA[XRPUSDT]]>
              </value>
            </param>
          </params>
          <reporter-output>
          </reporter-output>
        </test-method> <!-- testRequestTime -->
        <test-method signature="testRequestTime(java.lang.String)[pri:0, instance:testcase.spot.marketData.BestBidAskPrice@75d4a5c2]" started-at="2022-03-28T04:11:16Z" name="testRequestTime" data-provider="testBestBidAskPrice" finished-at="2022-03-28T04:11:16Z" duration-ms="63" status="PASS">
          <params>
            <param index="0">
              <value>
                <![CDATA[DOTUSDT]]>
              </value>
            </param>
          </params>
          <reporter-output>
          </reporter-output>
        </test-method> <!-- testRequestTime -->
        <test-method is-config="true" signature="tearDownSuite()[pri:0, instance:testcase.spot.marketData.BestBidAskPrice@75d4a5c2]" started-at="2022-03-28T04:11:28Z" name="tearDownSuite" finished-at="2022-03-28T04:11:28Z" duration-ms="424" status="PASS">
          <reporter-output>
          </reporter-output>
        </test-method> <!-- tearDownSuite -->
      </class> <!-- testcase.spot.marketData.BestBidAskPrice -->
      <class name="testcase.spot.marketData.LastTradedPrice">
        <test-method signature="testLastTradedPrice(java.lang.String)[pri:0, instance:testcase.spot.marketData.LastTradedPrice@557caf28]" started-at="2022-03-28T04:11:16Z" name="testLastTradedPrice" data-provider="testLastTradedPrice" finished-at="2022-03-28T04:11:16Z" duration-ms="79" status="PASS">
          <params>
            <param index="0">
              <value>
                <![CDATA[BTCUSDT]]>
              </value>
            </param>
          </params>
          <reporter-output>
          </reporter-output>
        </test-method> <!-- testLastTradedPrice -->
        <test-method signature="testLastTradedPrice(java.lang.String)[pri:0, instance:testcase.spot.marketData.LastTradedPrice@557caf28]" started-at="2022-03-28T04:11:16Z" name="testLastTradedPrice" data-provider="testLastTradedPrice" finished-at="2022-03-28T04:11:16Z" duration-ms="62" status="PASS">
          <params>
            <param index="0">
              <value>
                <![CDATA[ETHUSDT]]>
              </value>
            </param>
          </params>
          <reporter-output>
          </reporter-output>
        </test-method> <!-- testLastTradedPrice -->
        <test-method signature="testLastTradedPrice(java.lang.String)[pri:0, instance:testcase.spot.marketData.LastTradedPrice@557caf28]" started-at="2022-03-28T04:11:16Z" name="testLastTradedPrice" data-provider="testLastTradedPrice" finished-at="2022-03-28T04:11:16Z" duration-ms="76" status="PASS">
          <params>
            <param index="0">
              <value>
                <![CDATA[BITUSDT]]>
              </value>
            </param>
          </params>
          <reporter-output>
          </reporter-output>
        </test-method> <!-- testLastTradedPrice -->
        <test-method signature="testLastTradedPrice(java.lang.String)[pri:0, instance:testcase.spot.marketData.LastTradedPrice@557caf28]" started-at="2022-03-28T04:11:16Z" name="testLastTradedPrice" data-provider="testLastTradedPrice" finished-at="2022-03-28T04:11:16Z" duration-ms="68" status="PASS">
          <params>
            <param index="0">
              <value>
                <![CDATA[XRPUSDT]]>
              </value>
            </param>
          </params>
          <reporter-output>
          </reporter-output>
        </test-method> <!-- testLastTradedPrice -->
        <test-method signature="testLastTradedPrice(java.lang.String)[pri:0, instance:testcase.spot.marketData.LastTradedPrice@557caf28]" started-at="2022-03-28T04:11:16Z" name="testLastTradedPrice" data-provider="testLastTradedPrice" finished-at="2022-03-28T04:11:17Z" duration-ms="73" status="PASS">
          <params>
            <param index="0">
              <value>
                <![CDATA[DOTUSDT]]>
              </value>
            </param>
          </params>
          <reporter-output>
          </reporter-output>
        </test-method> <!-- testLastTradedPrice -->
        <test-method signature="testRequestLog(java.lang.String)[pri:0, instance:testcase.spot.marketData.LastTradedPrice@557caf28]" started-at="2022-03-28T04:11:17Z" name="testRequestLog" data-provider="testLastTradedPrice" finished-at="2022-03-28T04:11:17Z" duration-ms="59" status="PASS">
          <params>
            <param index="0">
              <value>
                <![CDATA[BTCUSDT]]>
              </value>
            </param>
          </params>
          <reporter-output>
          </reporter-output>
        </test-method> <!-- testRequestLog -->
        <test-method signature="testRequestLog(java.lang.String)[pri:0, instance:testcase.spot.marketData.LastTradedPrice@557caf28]" started-at="2022-03-28T04:11:17Z" name="testRequestLog" data-provider="testLastTradedPrice" finished-at="2022-03-28T04:11:17Z" duration-ms="59" status="PASS">
          <params>
            <param index="0">
              <value>
                <![CDATA[ETHUSDT]]>
              </value>
            </param>
          </params>
          <reporter-output>
          </reporter-output>
        </test-method> <!-- testRequestLog -->
        <test-method signature="testRequestLog(java.lang.String)[pri:0, instance:testcase.spot.marketData.LastTradedPrice@557caf28]" started-at="2022-03-28T04:11:17Z" name="testRequestLog" data-provider="testLastTradedPrice" finished-at="2022-03-28T04:11:17Z" duration-ms="61" status="PASS">
          <params>
            <param index="0">
              <value>
                <![CDATA[BITUSDT]]>
              </value>
            </param>
          </params>
          <reporter-output>
          </reporter-output>
        </test-method> <!-- testRequestLog -->
        <test-method signature="testRequestLog(java.lang.String)[pri:0, instance:testcase.spot.marketData.LastTradedPrice@557caf28]" started-at="2022-03-28T04:11:17Z" name="testRequestLog" data-provider="testLastTradedPrice" finished-at="2022-03-28T04:11:17Z" duration-ms="56" status="PASS">
          <params>
            <param index="0">
              <value>
                <![CDATA[XRPUSDT]]>
              </value>
            </param>
          </params>
          <reporter-output>
          </reporter-output>
        </test-method> <!-- testRequestLog -->
        <test-method signature="testRequestLog(java.lang.String)[pri:0, instance:testcase.spot.marketData.LastTradedPrice@557caf28]" started-at="2022-03-28T04:11:17Z" name="testRequestLog" data-provider="testLastTradedPrice" finished-at="2022-03-28T04:11:17Z" duration-ms="60" status="PASS">
          <params>
            <param index="0">
              <value>
                <![CDATA[DOTUSDT]]>
              </value>
            </param>
          </params>
          <reporter-output>
          </reporter-output>
        </test-method> <!-- testRequestLog -->
        <test-method signature="testRequestTime(java.lang.String)[pri:0, instance:testcase.spot.marketData.LastTradedPrice@557caf28]" started-at="2022-03-28T04:11:17Z" name="testRequestTime" data-provider="testLastTradedPrice" finished-at="2022-03-28T04:11:17Z" duration-ms="70" status="PASS">
          <params>
            <param index="0">
              <value>
                <![CDATA[BTCUSDT]]>
              </value>
            </param>
          </params>
          <reporter-output>
          </reporter-output>
        </test-method> <!-- testRequestTime -->
        <test-method signature="testRequestTime(java.lang.String)[pri:0, instance:testcase.spot.marketData.LastTradedPrice@557caf28]" started-at="2022-03-28T04:11:17Z" name="testRequestTime" data-provider="testLastTradedPrice" finished-at="2022-03-28T04:11:17Z" duration-ms="65" status="PASS">
          <params>
            <param index="0">
              <value>
                <![CDATA[ETHUSDT]]>
              </value>
            </param>
          </params>
          <reporter-output>
          </reporter-output>
        </test-method> <!-- testRequestTime -->
        <test-method signature="testRequestTime(java.lang.String)[pri:0, instance:testcase.spot.marketData.LastTradedPrice@557caf28]" started-at="2022-03-28T04:11:17Z" name="testRequestTime" data-provider="testLastTradedPrice" finished-at="2022-03-28T04:11:17Z" duration-ms="68" status="PASS">
          <params>
            <param index="0">
              <value>
                <![CDATA[BITUSDT]]>
              </value>
            </param>
          </params>
          <reporter-output>
          </reporter-output>
        </test-method> <!-- testRequestTime -->
        <test-method signature="testRequestTime(java.lang.String)[pri:0, instance:testcase.spot.marketData.LastTradedPrice@557caf28]" started-at="2022-03-28T04:11:17Z" name="testRequestTime" data-provider="testLastTradedPrice" finished-at="2022-03-28T04:11:17Z" duration-ms="90" status="PASS">
          <params>
            <param index="0">
              <value>
                <![CDATA[XRPUSDT]]>
              </value>
            </param>
          </params>
          <reporter-output>
          </reporter-output>
        </test-method> <!-- testRequestTime -->
        <test-method signature="testRequestTime(java.lang.String)[pri:0, instance:testcase.spot.marketData.LastTradedPrice@557caf28]" started-at="2022-03-28T04:11:17Z" name="testRequestTime" data-provider="testLastTradedPrice" finished-at="2022-03-28T04:11:17Z" duration-ms="72" status="PASS">
          <params>
            <param index="0">
              <value>
                <![CDATA[DOTUSDT]]>
              </value>
            </param>
          </params>
          <reporter-output>
          </reporter-output>
        </test-method> <!-- testRequestTime -->
      </class> <!-- testcase.spot.marketData.LastTradedPrice -->
    </test> <!-- BybitRestTest spot Test -->
  </suite> <!-- BybitRestTest Suite -->
</testng-results>
